#
# A fatal error has been detected by the Java Runtime Environment:
#
#  EXCEPTION_ACCESS_VIOLATION (0xc0000005) at pc=0x00007ffc503fa605, pid=14032, tid=6704
#
# JRE version: Java(TM) SE Runtime Environment (9.0+11) (build 9.0.4+11)
# Java VM: Java HotSpot(TM) 64-Bit Server VM (9.0.4+11, mixed mode, tiered, compressed oops, g1 gc, windows-amd64)
# Problematic frame:
# C  [librdi_common.dll+0x17a605]
#
# No core dump will be written. Minidumps are not enabled by default on client versions of Windows
#
# If you would like to submit a bug report, please visit:
#   http://bugreport.java.com/bugreport/crash.jsp
# The crash happened outside the Java Virtual Machine in native code.
# See problematic frame for where to report the bug.
#

---------------  S U M M A R Y ------------

Command Line: -Dsun.java2d.pmoffscreen=false -Dsun.java2d.xrender=false -Dsun.java2d.d3d=false -Dsun.awt.nopixfmt=true -Dsun.java2d.dpiaware=true -Dsun.java2d.uiScale.enabled=false -Xverify:none -Dswing.aatext=true -XX:-UsePerfData -Djdk.map.althashing.threshold=512 -XX:StringTableSize=4072 --add-opens=java.base/java.nio=ALL-UNNAMED --add-opens=java.desktop/sun.swing=ALL-UNNAMED --add-opens=java.desktop/javax.swing=ALL-UNNAMED --add-opens=java.desktop/javax.swing.tree=ALL-UNNAMED --add-opens=java.desktop/javax.swing.plaf.basic=ALL-UNNAMED --add-opens=java.desktop/javax.swing.plaf.synth=ALL-UNNAMED --add-opens=java.desktop/com.sun.awt=ALL-UNNAMED -XX:NewSize=60m -XX:MaxNewSize=60m -Xms128m -Xmx3072m -Xss5m 

Host: Intel(R) Core(TM) i5-7200U CPU @ 2.50GHz, 4 cores, 7G,  Windows 10 , 64 bit Build 17134 (10.0.17134.706)
Time: Thu Apr 25 02:05:59 2019 ?D1¨²¡À¨º¡Á?¨º¡À?? elapsed time: 2625 seconds (0d 0h 43m 45s)

---------------  T H R E A D  ---------------

Current thread (0x0000016c82368800):  JavaThread "AWT-EventQueue-1" [_thread_in_native, id=6704, stack(0x0000002154700000,0x0000002154c00000)]

Stack: [0x0000002154700000,0x0000002154c00000],  sp=0x0000002154bf4340,  free space=5072k
Native frames: (J=compiled Java code, j=interpreted, Vv=VM code, C=native code)
C  [librdi_common.dll+0x17a605]
C  [librdi_common.dll+0x16f315]
C  [librdi_common.dll+0x138d2a]
C  0x00007ffc0c503c4a
C  0x00007ffc0c503230
C  0x00007ffc0c503ef3
C  0x00007ffc0c4d7fb3
C  0x00007ffc0c4d8032
C  0x00007ffc0c4d80d1
C  0x00007ffc0c4cea27
C  0x00007ffc0c50a74f
C  0x0000016c951e24ba

Java frames: (J=compiled Java code, j=interpreted, Vv=VM code)
J 25021  ui.views.waveform.waveformi.WVExecutive_getNameDataSize(J)J (0 bytes) @ 0x0000016c951e2421 [0x0000016c951e23e0+0x0000000000000041]
J 23804 c1 ui.views.waveform.executive.a.gBl()Lui/views/waveform/executive/protobuf/WVNameValue$WVNameTreeMessage; (70 bytes) @ 0x0000016c8e300824 [0x0000016c8e3007a0+0x0000000000000084]
J 23803 c1 ui.views.waveform.f.a.gBQ()Ljavax/swing/tree/TreeModel; (136 bytes) @ 0x0000016c8e2fa754 [0x0000016c8e2fa640+0x0000000000000114]
J 25015 c1 ui.views.waveform.f.a.cPh()V (54 bytes) @ 0x0000016c8f7460fc [0x0000016c8f746080+0x000000000000007c]
J 23836 c1 ui.views.waveform.w.cPh()V (38 bytes) @ 0x0000016c8e5ddab4 [0x0000016c8e5dd100+0x00000000000009b4]
J 17142 c1 ui.views.waveform.c.b.j(Lui/frmwork/b/i;)V (589 bytes) @ 0x0000016c8d7f30f4 [0x0000016c8d7eb460+0x0000000000007c94]
J 17141 c1 ui.views.waveform.w.a(Lui/frmwork/b/i;)V (17 bytes) @ 0x0000016c8ccadd14 [0x0000016c8ccadc40+0x00000000000000d4]
J 21297 c2 ui.frmwork.HTclEventBroker.i(JZ)V (471 bytes) @ 0x0000016c94e5316c [0x0000016c94e52480+0x0000000000000cec]
J 22485 c1 ui.frmwork.HTclEventBroker.fireTclEvent(J)I (113 bytes) @ 0x0000016c8d31ef7c [0x0000016c8d31e7a0+0x00000000000007dc]
v  ~StubRoutines::call_stub
j  ui.views.waveform.waveformi.WVExecutive_setViewportSize(JII)V+0
j  ui.views.waveform.executive.a.ez(II)V+62
j  ui.views.waveform.c.b.gzM()V+131
j  ui.views.waveform.v.componentResized(Ljava/awt/event/ComponentEvent;)V+10
J 19317 c1 java.awt.AWTEventMulticaster.componentResized(Ljava/awt/event/ComponentEvent;)V java.desktop@9.0.4 (27 bytes) @ 0x0000016c8f0cdbc4 [0x0000016c8f0cd800+0x00000000000003c4]
J 24933 c2 java.awt.Component.processComponentEvent(Ljava/awt/event/ComponentEvent;)V java.desktop@9.0.4 (82 bytes) @ 0x0000016c951bd18c [0x0000016c951bd120+0x000000000000006c]
J 18643 c2 java.awt.Container.processEvent(Ljava/awt/AWTEvent;)V java.desktop@9.0.4 (22 bytes) @ 0x0000016c94aeb474 [0x0000016c94aeb2a0+0x00000000000001d4]
J 26546 c1 java.awt.Component.dispatchEventImpl(Ljava/awt/AWTEvent;)V java.desktop@9.0.4 (739 bytes) @ 0x0000016c8e276a2c [0x0000016c8e272c40+0x0000000000003dec]
J 22396 c2 java.awt.Container.dispatchEventImpl(Ljava/awt/AWTEvent;)V java.desktop@9.0.4 (129 bytes) @ 0x0000016c9449c488 [0x0000016c9449c420+0x0000000000000068]
J 15352 c2 java.awt.EventQueue$3.run()Ljava/lang/Object; java.desktop@9.0.4 (5 bytes) @ 0x0000016c94720ebc [0x0000016c94720d00+0x00000000000001bc]
v  ~StubRoutines::call_stub
J 3050  java.security.AccessController.doPrivileged(Ljava/security/PrivilegedAction;Ljava/security/AccessControlContext;)Ljava/lang/Object; java.base@9.0.4 (0 bytes) @ 0x0000016c93d07e46 [0x0000016c93d07de0+0x0000000000000066]
J 18925 c2 java.awt.EventQueue$4.run()Ljava/lang/Object; java.desktop@9.0.4 (5 bytes) @ 0x0000016c94b888c0 [0x0000016c94b88660+0x0000000000000260]
v  ~StubRoutines::call_stub
J 3050  java.security.AccessController.doPrivileged(Ljava/security/PrivilegedAction;Ljava/security/AccessControlContext;)Ljava/lang/Object; java.base@9.0.4 (0 bytes) @ 0x0000016c93d07e46 [0x0000016c93d07de0+0x0000000000000066]
J 14595 c2 ui.frmwork.b.d.dispatchEvent(Ljava/awt/AWTEvent;)V (34 bytes) @ 0x0000016c945b8234 [0x0000016c945b7ea0+0x0000000000000394]
J 20759 c2 java.awt.EventDispatchThread.pumpOneEventForFilters(I)V java.desktop@9.0.4 (218 bytes) @ 0x0000016c94dbeb88 [0x0000016c94dbe900+0x0000000000000288]
J 24686 c2 java.awt.EventDispatchThread.pumpEventsForFilter(ILjava/awt/Conditional;Ljava/awt/EventFilter;)V java.desktop@9.0.4 (47 bytes) @ 0x0000016c9511920c [0x0000016c95119060+0x00000000000001ac]
j  java.awt.EventDispatchThread.pumpEventsForFilter(Ljava/awt/Conditional;Ljava/awt/EventFilter;)V+4 java.desktop@9.0.4
j  java.awt.WaitDispatchSupport$2.run()V+59 java.desktop@9.0.4
j  java.awt.WaitDispatchSupport$4.run()Ljava/lang/Void;+4 java.desktop@9.0.4
j  java.awt.WaitDispatchSupport$4.run()Ljava/lang/Object;+1 java.desktop@9.0.4
v  ~StubRoutines::call_stub
J 946  java.security.AccessController.doPrivileged(Ljava/security/PrivilegedAction;)Ljava/lang/Object; java.base@9.0.4 (0 bytes) @ 0x0000016c93bd8632 [0x0000016c93bd85e0+0x0000000000000052]
j  java.awt.WaitDispatchSupport.enter()Z+260 java.desktop@9.0.4
j  java.awt.Dialog.show()V+225 java.desktop@9.0.4
J 9611 c1 java.awt.Component.setVisible(Z)V java.desktop@9.0.4 (6 bytes) @ 0x0000016c8dd0b4cc [0x0000016c8dd0b2e0+0x00000000000001ec]
j  java.awt.Window.setVisible(Z)V+2 java.desktop@9.0.4
j  java.awt.Dialog.setVisible(Z)V+2 java.desktop@9.0.4
j  ui.b.c.g.setVisible(Z)V+2
j  ui.b.c.bx.showDialog()V+64
j  ui.b.c.bE.actionPerformed(Ljava/awt/event/ActionEvent;)V+8
j  ui.b.c.bx.cHE()V+396
j  ui.views.c.s.b.a.run()V+60
j  ui.frmwork.a.dTt()Z+66
j  ui.frmwork.V.dVd()V+42
j  ui.bk.actionPerformed(Ljava/awt/event/ActionEvent;)V+25
j  javax.swing.AbstractButton.fireActionPerformed(Ljava/awt/event/ActionEvent;)V+84 java.desktop@9.0.4
j  ui.utils.o.b.B.fireActionPerformed(Ljava/awt/event/ActionEvent;)V+7
j  javax.swing.AbstractButton$Handler.actionPerformed(Ljava/awt/event/ActionEvent;)V+5 java.desktop@9.0.4
j  javax.swing.DefaultButtonModel.fireActionPerformed(Ljava/awt/event/ActionEvent;)V+34 java.desktop@9.0.4
j  javax.swing.DefaultButtonModel.setPressed(Z)V+117 java.desktop@9.0.4
j  javax.swing.plaf.basic.BasicButtonListener.mouseReleased(Ljava/awt/event/MouseEvent;)V+35 java.desktop@9.0.4
j  com.jidesoft.plaf.basic.BasicJideButtonListener.mouseReleased(Ljava/awt/event/MouseEvent;)V+61
J 22493 c1 java.awt.AWTEventMulticaster.mouseReleased(Ljava/awt/event/MouseEvent;)V java.desktop@9.0.4 (27 bytes) @ 0x0000016c8d14a20c [0x0000016c8d14a000+0x000000000000020c]
J 22493 c1 java.awt.AWTEventMulticaster.mouseReleased(Ljava/awt/event/MouseEvent;)V java.desktop@9.0.4 (27 bytes) @ 0x0000016c8d14a20c [0x0000016c8d14a000+0x000000000000020c]
J 22493 c1 java.awt.AWTEventMulticaster.mouseReleased(Ljava/awt/event/MouseEvent;)V java.desktop@9.0.4 (27 bytes) @ 0x0000016c8d14a20c [0x0000016c8d14a000+0x000000000000020c]
J 25876 c2 javax.swing.JComponent.processMouseEvent(Ljava/awt/event/MouseEvent;)V java.desktop@9.0.4 (27 bytes) @ 0x0000016c94ebaf90 [0x0000016c94ebada0+0x00000000000001f0]
J 18643 c2 java.awt.Container.processEvent(Ljava/awt/AWTEvent;)V java.desktop@9.0.4 (22 bytes) @ 0x0000016c94aeb3c0 [0x0000016c94aeb2a0+0x0000000000000120]
J 26546 c1 java.awt.Component.dispatchEventImpl(Ljava/awt/AWTEvent;)V java.desktop@9.0.4 (739 bytes) @ 0x0000016c8e276a2c [0x0000016c8e272c40+0x0000000000003dec]
J 22396 c2 java.awt.Container.dispatchEventImpl(Ljava/awt/AWTEvent;)V java.desktop@9.0.4 (129 bytes) @ 0x0000016c9449c488 [0x0000016c9449c420+0x0000000000000068]
J 18662 c2 java.awt.LightweightDispatcher.retargetMouseEvent(Ljava/awt/Component;ILjava/awt/event/MouseEvent;)V java.desktop@9.0.4 (350 bytes) @ 0x0000016c94afd054 [0x0000016c94afcaa0+0x00000000000005b4]
J 22396 c2 java.awt.Container.dispatchEventImpl(Ljava/awt/AWTEvent;)V java.desktop@9.0.4 (129 bytes) @ 0x0000016c9449cd28 [0x0000016c9449c420+0x0000000000000908]
J 18917 c2 java.awt.Window.dispatchEventImpl(Ljava/awt/AWTEvent;)V java.desktop@9.0.4 (23 bytes) @ 0x0000016c94b79d0c [0x0000016c94b79cc0+0x000000000000004c]
J 15352 c2 java.awt.EventQueue$3.run()Ljava/lang/Object; java.desktop@9.0.4 (5 bytes) @ 0x0000016c94720ebc [0x0000016c94720d00+0x00000000000001bc]
v  ~StubRoutines::call_stub
J 3050  java.security.AccessController.doPrivileged(Ljava/security/PrivilegedAction;Ljava/security/AccessControlContext;)Ljava/lang/Object; java.base@9.0.4 (0 bytes) @ 0x0000016c93d07e46 [0x0000016c93d07de0+0x0000000000000066]
J 18925 c2 java.awt.EventQueue$4.run()Ljava/lang/Object; java.desktop@9.0.4 (5 bytes) @ 0x0000016c94b888c0 [0x0000016c94b88660+0x0000000000000260]
v  ~StubRoutines::call_stub
J 3050  java.security.AccessController.doPrivileged(Ljava/security/PrivilegedAction;Ljava/security/AccessControlContext;)Ljava/lang/Object; java.base@9.0.4 (0 bytes) @ 0x0000016c93d07e46 [0x0000016c93d07de0+0x0000000000000066]
J 14595 c2 ui.frmwork.b.d.dispatchEvent(Ljava/awt/AWTEvent;)V (34 bytes) @ 0x0000016c945b8234 [0x0000016c945b7ea0+0x0000000000000394]
J 20759 c2 java.awt.EventDispatchThread.pumpOneEventForFilters(I)V java.desktop@9.0.4 (218 bytes) @ 0x0000016c94dbeb88 [0x0000016c94dbe900+0x0000000000000288]
J 24571% c2 java.awt.EventDispatchThread.pumpEventsForFilter(ILjava/awt/Conditional;Ljava/awt/EventFilter;)V java.desktop@9.0.4 (47 bytes) @ 0x0000016c950c8ad8 [0x0000016c950c89c0+0x0000000000000118]
j  java.awt.EventDispatchThread.pumpEventsForHierarchy(ILjava/awt/Conditional;Ljava/awt/Component;)V+11 java.desktop@9.0.4
j  java.awt.EventDispatchThread.pumpEvents(ILjava/awt/Conditional;)V+4 java.desktop@9.0.4
j  java.awt.EventDispatchThread.pumpEvents(Ljava/awt/Conditional;)V+3 java.desktop@9.0.4
j  java.awt.EventDispatchThread.run()V+9 java.desktop@9.0.4
v  ~StubRoutines::call_stub

siginfo: EXCEPTION_ACCESS_VIOLATION (0xc0000005), reading address 0xffffffffffffffff


Register to memory mapping:

RIP=0x00007ffc503fa605 librdi_common.dll
RAX=0x0000016cfbe91301 is an unknown value
RBX=0x80048700bb58cc85 is an unknown value
RCX=0x0000016cfbe913c0 is an unknown value
RDX=0x80048700bb58cc85 is an unknown value
RSP=0x0000002154bf4340 is pointing into the stack for thread: 0x0000016c82368800
RBP=0x0000002154bf4470 is pointing into the stack for thread: 0x0000016c82368800
RSI=0x0000016cb053b8f0 is an unknown value
RDI=0x0000002154bf4558 is pointing into the stack for thread: 0x0000016c82368800
R8 =0x0000002154bf4558 is pointing into the stack for thread: 0x0000016c82368800
R9 =0x0000000000000000 is an unknown value
R10=0x0000016ca782adb8 is an unknown value
R11=0x0000016cb11ab738 is an unknown value
R12=0x0000002154bf4558 is pointing into the stack for thread: 0x0000016c82368800
R13=0x0000000000000000 is an unknown value
R14=0x0000016cf9400fc0 is an unknown value
R15=0x80048700bb58cc85 is an unknown value


Registers:
RAX=0x0000016cfbe91301, RBX=0x80048700bb58cc85, RCX=0x0000016cfbe913c0, RDX=0x80048700bb58cc85
RSP=0x0000002154bf4340, RBP=0x0000002154bf4470, RSI=0x0000016cb053b8f0, RDI=0x0000002154bf4558
R8 =0x0000002154bf4558, R9 =0x0000000000000000, R10=0x0000016ca782adb8, R11=0x0000016cb11ab738
R12=0x0000002154bf4558, R13=0x0000000000000000, R14=0x0000016cf9400fc0, R15=0x80048700bb58cc85
RIP=0x00007ffc503fa605, EFLAGS=0x0000000000010202

Top of Stack: (sp=0x0000002154bf4340)
0x0000002154bf4340:   0000016cb11ab710 00007ffc81229387
0x0000002154bf4350:   0000000000000000 80048700bb58cc85
0x0000002154bf4360:   80048700bb58cc85 00007ffc503ef315
0x0000002154bf4370:   0000000000000000 00007ffc8122961f
0x0000002154bf4380:   0000f20146c8d5cd 0000000000000000
0x0000002154bf4390:   0000000000000000 0000016cb11ab710
0x0000002154bf43a0:   0000000000000002 00007ffc50458de5
0x0000002154bf43b0:   0000016caa3847b0 0000016cb11ab718
0x0000002154bf43c0:   0000016cb11ab758 0000016cb11ab710
0x0000002154bf43d0:   fffffffffffffffe 00007ffc509a3cc5
0x0000002154bf43e0:   fffffffffffffffe 00007ffc51077e50
0x0000002154bf43f0:   0000016cb11ab710 0000016cfbe14278
0x0000002154bf4400:   0000002154bf4558 00007ffc504580d6
0x0000002154bf4410:   0000016cb11ab710 0000002154bf4558
0x0000002154bf4420:   0000016c00000002 0000016cf93d4d40
0x0000002154bf4430:   fffffffffffffffe 000000000000000f 

Instructions: (pc=0x00007ffc503fa605)
0x00007ffc503fa5e5:   20 48 8b d9 e8 22 c4 04 00 48 8b c8 48 8b d3 e8
0x00007ffc503fa5f5:   27 0d 05 00 84 c0 75 08 33 c0 48 83 c4 20 5b c3
0x00007ffc503fa605:   48 8b 4b 50 48 85 c9 74 0a 48 83 c4 20 5b e9 68
0x00007ffc503fa615:   e2 04 00 48 8b d3 48 8d 0d 56 78 71 00 e8 59 b7 



---------------  P R O C E S S  ---------------

Java Threads: ( => current thread )
  0x0000016cafb7c000 JavaThread "Relaunch Simulation" [_thread_blocked, id=1000, stack(0x000000215fb00000,0x0000002160000000)]
  0x0000016cae0dd000 JavaThread "Thread-9241" [_thread_in_native, id=16324, stack(0x0000002153800000,0x0000002153900000)]
  0x0000016cb0750000 JavaThread "Thread-9198" [_thread_in_native, id=12324, stack(0x0000002153900000,0x0000002153a00000)]
  0x0000016cae0db800 JavaThread "Thread-9184" [_thread_in_native, id=2664, stack(0x0000002153800000,0x0000002153900000)]
  0x0000016cae0de800 JavaThread "Thread-8684" [_thread_in_native, id=5708, stack(0x0000002153800000,0x0000002153900000)]
  0x0000016cae0da800 JavaThread "Thread-8641" [_thread_in_native, id=4012, stack(0x0000002153900000,0x0000002153a00000)]
  0x0000016cae0e1800 JavaThread "Thread-8623" [_thread_in_native, id=15696, stack(0x0000002153800000,0x0000002153900000)]
  0x0000016cae0e0800 JavaThread "Thread-8336" [_thread_in_native, id=15908, stack(0x0000002153800000,0x0000002153900000)]
  0x0000016cae0dc000 JavaThread "Thread-8289" [_thread_in_native, id=10320, stack(0x0000002153900000,0x0000002153a00000)]
  0x0000016cae0dd800 JavaThread "Thread-7725" [_thread_in_native, id=12228, stack(0x0000002153c00000,0x0000002153d00000)]
  0x0000016cae0df000 JavaThread "Thread-7687" [_thread_in_native, id=16068, stack(0x0000002153800000,0x0000002153900000)]
  0x0000016cae0e0000 JavaThread "Thread-7388" [_thread_in_native, id=14580, stack(0x0000002153800000,0x0000002153900000)]
  0x0000016cae0d3000 JavaThread "Thread-7349" [_thread_in_native, id=8592, stack(0x0000002153900000,0x0000002153a00000)]
  0x0000016cae0d4000 JavaThread "Thread-7323" [_thread_in_native, id=8208, stack(0x0000002153800000,0x0000002153900000)]
  0x0000016cae0d9000 JavaThread "Thread-7296" [_thread_in_native, id=4820, stack(0x0000002153800000,0x0000002153900000)]
  0x0000016cae0d2800 JavaThread "Thread-7253" [_thread_in_native, id=6056, stack(0x0000002153800000,0x0000002153900000)]
  0x0000016cae0d4800 JavaThread "Thread-7143" [_thread_in_native, id=15616, stack(0x0000002153800000,0x0000002153900000)]
  0x0000016cae0d6000 JavaThread "Thread-6193" [_thread_in_native, id=7724, stack(0x0000002153800000,0x0000002153900000)]
  0x0000016cae0d5800 JavaThread "Thread-6158" [_thread_in_native, id=13144, stack(0x0000002153900000,0x0000002153a00000)]
  0x0000016cae0d8800 JavaThread "Thread-6130" [_thread_in_native, id=9060, stack(0x0000002153800000,0x0000002153900000)]
  0x0000016cae0d7800 JavaThread "Thread-5319" [_thread_in_native, id=10820, stack(0x0000002153800000,0x0000002153900000)]
  0x0000016cae0d7000 JavaThread "Thread-5280" [_thread_in_native, id=12384, stack(0x0000002153900000,0x0000002153a00000)]
  0x0000016cb0752800 JavaThread "Thread-4581" [_thread_in_native, id=8796, stack(0x000000214d800000,0x000000214d900000)]
  0x0000016cb0751000 JavaThread "Thread-4543" [_thread_in_native, id=1220, stack(0x0000002153800000,0x0000002153900000)]
  0x0000016cab8db800 JavaThread "Thread-4489" [_thread_in_native, id=11052, stack(0x000000214d800000,0x000000214d900000)]
  0x0000016cb0756000 JavaThread "Thread-4475" [_thread_in_native, id=3292, stack(0x000000214d800000,0x000000214d900000)]
  0x0000016cb0753000 JavaThread "Thread-3765" [_thread_in_native, id=15304, stack(0x000000214d800000,0x000000214d900000)]
  0x0000016cb0755800 JavaThread "Thread-3727" [_thread_in_native, id=10176, stack(0x0000002153800000,0x0000002153900000)]
  0x0000016cb0754800 JavaThread "Thread-3713" [_thread_in_native, id=15164, stack(0x000000214d800000,0x000000214d900000)]
  0x0000016cb0748800 JavaThread "Image Animator 0" daemon [_thread_blocked, id=32, stack(0x000000215f100000,0x000000215f600000)]
  0x0000016cb0748000 JavaThread "Monitor File Timestamp Swing Worker" [_thread_blocked, id=15316, stack(0x000000215ec00000,0x000000215f100000)]
  0x0000016cb074e800 JavaThread "Timer-9" [_thread_blocked, id=15892, stack(0x000000215e700000,0x000000215ec00000)]
  0x0000016cb074c800 JavaThread "Thread-1656" [_thread_in_native, id=7140, stack(0x000000214d800000,0x000000214d900000)]
  0x0000016cb0749800 JavaThread "Thread-1624" [_thread_in_native, id=14396, stack(0x0000002153a00000,0x0000002153b00000)]
  0x0000016cb074b800 JavaThread "Monitor File Timestamp Swing Worker" [_thread_blocked, id=15048, stack(0x000000215e200000,0x000000215e700000)]
  0x0000016cb074e000 JavaThread "Timer-8" [_thread_blocked, id=13032, stack(0x000000215dd00000,0x000000215e200000)]
  0x0000016cb0746800 JavaThread "Monitor File Timestamp Swing Worker" [_thread_blocked, id=10608, stack(0x000000215d800000,0x000000215dd00000)]
  0x0000016cb074b000 JavaThread "Timer-7" [_thread_blocked, id=14508, stack(0x000000215d300000,0x000000215d800000)]
  0x0000016cb074a000 JavaThread "Monitor File Timestamp Swing Worker" [_thread_blocked, id=6880, stack(0x000000215ce00000,0x000000215d300000)]
  0x0000016cb0747000 JavaThread "Timer-6" [_thread_blocked, id=14952, stack(0x000000215c900000,0x000000215ce00000)]
  0x0000016cab8e7800 JavaThread "Monitor File Timestamp Swing Worker" [_thread_blocked, id=964, stack(0x000000215c400000,0x000000215c900000)]
  0x0000016c82374800 JavaThread "Timer-5" [_thread_blocked, id=12012, stack(0x000000215bf00000,0x000000215c400000)]
  0x0000016c82376000 JavaThread "Timer-4" [_thread_blocked, id=7732, stack(0x000000215ab00000,0x000000215b000000)]
  0x0000016cab8e9000 JavaThread "Monitor File Timestamp Swing Worker" [_thread_blocked, id=11384, stack(0x000000215b500000,0x000000215ba00000)]
  0x0000016cab8e8800 JavaThread "Timer-3" [_thread_blocked, id=15476, stack(0x000000215b000000,0x000000215b500000)]
  0x0000016cab8e7000 JavaThread "Monitor File Timestamp Swing Worker" [_thread_blocked, id=8024, stack(0x000000215a600000,0x000000215ab00000)]
  0x0000016cab8df800 JavaThread "Timer-2" [_thread_blocked, id=13500, stack(0x000000215a100000,0x000000215a600000)]
  0x0000016cab8de800 JavaThread "Monitor File Timestamp Swing Worker" [_thread_blocked, id=16280, stack(0x0000002159c00000,0x000000215a100000)]
  0x0000016cab8e4800 JavaThread "Timer-1" [_thread_blocked, id=9376, stack(0x0000002159200000,0x0000002159700000)]
  0x0000016cab8e5800 JavaThread "Image Animator 3" daemon [_thread_blocked, id=7148, stack(0x0000002159700000,0x0000002159c00000)]
  0x0000016cab8dd000 JavaThread "Monitor File Timestamp Swing Worker" [_thread_blocked, id=6164, stack(0x0000002158d00000,0x0000002159200000)]
  0x0000016cab8de000 JavaThread "Timer-0" [_thread_blocked, id=4728, stack(0x0000002157e00000,0x0000002158300000)]
  0x0000016cab8dc800 JavaThread "Thread-676" [_thread_in_native, id=14880, stack(0x000000214d800000,0x000000214d900000)]
  0x0000016cab8e3000 JavaThread "Thread-638" [_thread_in_native, id=13852, stack(0x0000002153a00000,0x0000002153b00000)]
  0x0000016cab8da000 JavaThread "Thread-579" [_thread_in_native, id=12072, stack(0x0000002154e00000,0x0000002154f00000)]
  0x0000016cab8db000 JavaThread "Thread-512" [_thread_in_native, id=6452, stack(0x0000002154e00000,0x0000002154f00000)]
  0x0000016cab8e1000 JavaThread "SyntheticaAnimation 50" daemon [_thread_blocked, id=2092, stack(0x0000002157900000,0x0000002157e00000)]
  0x0000016cab8e0000 JavaThread "Update Runs Swing Worker" [_thread_blocked, id=11624, stack(0x0000002156f00000,0x0000002157400000)]
  0x0000016c82370000 JavaThread "Thread-204" [_thread_in_native, id=15636, stack(0x000000214d800000,0x000000214d900000)]
  0x0000016c81a7a000 JavaThread "Thread-194" [_thread_in_native, id=13264, stack(0x0000002153a00000,0x0000002153b00000)]
  0x0000016c82376800 JavaThread "Thread-188" [_thread_in_native, id=5460, stack(0x000000214d800000,0x000000214d900000)]
  0x0000016c82372000 JavaThread "Thread-96" [_thread_in_native, id=2184, stack(0x000000214d800000,0x000000214d900000)]
  0x0000016c8236f000 JavaThread "Thread-85" [_thread_in_native, id=10904, stack(0x0000002153a00000,0x0000002153b00000)]
  0x0000016c81a78800 JavaThread "Thread-54" [_thread_in_native, id=6048, stack(0x0000002158d00000,0x0000002158e00000)]
  0x0000016c82367800 JavaThread "SyntheticaAnimation 50" daemon [_thread_blocked, id=11536, stack(0x0000002158300000,0x0000002158800000)]
  0x0000016c82370800 JavaThread "hw_ila_monitor" [_thread_blocked, id=9160, stack(0x0000002157400000,0x0000002157900000)]
  0x0000016c82373800 JavaThread "Refresh Filesets Swing Worker" [_thread_blocked, id=1056, stack(0x0000002156a00000,0x0000002156f00000)]
  0x0000016c82373000 JavaThread "SyntheticaAnimation 70" daemon [_thread_blocked, id=9576, stack(0x0000002156500000,0x0000002156a00000)]
  0x0000016c8236e800 JavaThread "SyntheticaAnimation 25" daemon [_thread_blocked, id=12256, stack(0x0000002156000000,0x0000002156500000)]
  0x0000016c8236b800 JavaThread "SyntheticaAnimation 50" daemon [_thread_blocked, id=15160, stack(0x0000002155b00000,0x0000002156000000)]
  0x0000016c8236c000 JavaThread "Monitor HEventQueue" [_thread_blocked, id=6448, stack(0x0000002154f00000,0x0000002155400000)]
  0x0000016c82369000 JavaThread "Batik CleanerThread" daemon [_thread_blocked, id=1540, stack(0x0000002155600000,0x0000002155b00000)]
  0x0000016c8236a000 JavaThread "SyntheticaCleanerThread" daemon [_thread_blocked, id=12812, stack(0x0000002153d00000,0x0000002154200000)]
=>0x0000016c82368800 JavaThread "AWT-EventQueue-1" [_thread_in_native, id=6704, stack(0x0000002154700000,0x0000002154c00000)]
  0x0000016c8236d800 JavaThread "AWT-Shutdown" [_thread_blocked, id=7224, stack(0x0000002154200000,0x0000002154700000)]
  0x0000016c8236d000 JavaThread "Process Messages" [_thread_blocked, id=10892, stack(0x0000002152900000,0x0000002152e00000)]
  0x0000016c8236a800 JavaThread "Thread-1" [_thread_in_native, id=12928, stack(0x000000214da00000,0x000000214ee00000)]
  0x0000016c81a78000 JavaThread "TimerQueue" daemon [_thread_blocked, id=8380, stack(0x0000002153300000,0x0000002153800000)]
  0x0000016c81a77000 JavaThread "AWT-Windows" daemon [_thread_in_native, id=7496, stack(0x0000002152e00000,0x0000002153300000)]
  0x0000016c81a76800 JavaThread "Java2D Disposer" daemon [_thread_blocked, id=15804, stack(0x0000002152400000,0x0000002152900000)]
  0x0000016c81a7c800 JavaThread "Service Thread" daemon [_thread_blocked, id=14960, stack(0x0000002151e00000,0x0000002152300000)]
  0x0000016c81a7b800 JavaThread "Common-Cleaner" daemon [_thread_blocked, id=4920, stack(0x0000002151900000,0x0000002151e00000)]
  0x0000016c81a7b000 JavaThread "Sweeper thread" daemon [_thread_blocked, id=2836, stack(0x0000002151400000,0x0000002151900000)]
  0x0000016c81b44800 JavaThread "C1 CompilerThread2" daemon [_thread_blocked, id=880, stack(0x0000002151300000,0x0000002151400000)]
  0x0000016c80892800 JavaThread "C2 CompilerThread1" daemon [_thread_blocked, id=72, stack(0x0000002151200000,0x0000002151300000)]
  0x0000016c8549e000 JavaThread "C2 CompilerThread0" daemon [_thread_blocked, id=4628, stack(0x0000002151100000,0x0000002151200000)]
  0x0000016c80bd5800 JavaThread "Attach Listener" daemon [_thread_blocked, id=16040, stack(0x0000002150c00000,0x0000002151100000)]
  0x0000016cffc7c800 JavaThread "Signal Dispatcher" daemon [_thread_blocked, id=10412, stack(0x0000002150700000,0x0000002150c00000)]
  0x0000016cffa06800 JavaThread "Finalizer" daemon [_thread_blocked, id=10628, stack(0x0000002150200000,0x0000002150700000)]
  0x0000016cff947800 JavaThread "Reference Handler" daemon [_thread_blocked, id=14192, stack(0x000000214fd00000,0x0000002150200000)]
  0x0000016c80a12800 JavaThread "main" [_thread_blocked, id=324, stack(0x000000214d900000,0x000000214da00000)]

Other Threads:
  0x0000016cff946800 VMThread "VM Thread" [stack: 0x000000214fc00000,0x000000214fd00000] [id=6380]
  0x0000016c81c89000 WatcherThread [stack: 0x0000002152300000,0x0000002152400000] [id=4916]
  0x0000016cff586800 GCTaskThread "GC Thread#0" [stack: 0x000000214f100000,0x000000214f200000] [id=13404]
  0x0000016c80947800 GCTaskThread "GC Thread#1" [stack: 0x000000214f200000,0x000000214f300000] [id=2252]
  0x0000016cfae58800 GCTaskThread "GC Thread#2" [stack: 0x000000214f300000,0x000000214f400000] [id=3772]
  0x0000016cff5b1800 GCTaskThread "GC Thread#3" [stack: 0x000000214f400000,0x000000214f500000] [id=14632]
  0x0000016c852c9800 ConcurrentGCThread "G1 Main Marker" [stack: 0x000000214fa00000,0x000000214fb00000] [id=1616]
  0x0000016c80997000 ConcurrentGCThread "G1 Marker#0" [stack: 0x000000214fb00000,0x000000214fc00000] [id=9604]
  0x0000016c808d1000 ConcurrentGCThread "G1 Refine#0" [stack: 0x000000214f800000,0x000000214f900000] [id=11356]
  0x0000016c808d0800 ConcurrentGCThread "G1 Refine#1" [stack: 0x000000214f700000,0x000000214f800000] [id=1176]
  0x0000016cff553000 ConcurrentGCThread "G1 Refine#2" [stack: 0x000000214f600000,0x000000214f700000] [id=7680]
  0x0000016c84d45800 ConcurrentGCThread "G1 Refine#3" [stack: 0x000000214f500000,0x000000214f600000] [id=5876]
  0x0000016c80996800 ConcurrentGCThread "G1 Young RemSet Sampling" [stack: 0x000000214f900000,0x000000214fa00000] [id=15932]

Threads with active compile tasks:

VM state:not at safepoint (normal execution)

VM Mutex/Monitor currently owned by a thread: None

Heap address: 0x0000000700000000, size: 3072 MB, Compressed Oops mode: Zero based, Oop shift amount: 3
Narrow klass base: 0x0000000000000000, Narrow klass shift: 3
Compressed class space size: 1073741824 Address: 0x00000007c0000000

Heap:
 garbage-first heap   total 292864K, used 155098K [0x0000000700000000, 0x00000007001008f0, 0x00000007c0000000)
  region size 1024K, 45 young (46080K), 1 survivors (1024K)
 Metaspace       used 88971K, capacity 95658K, committed 95740K, reserved 1132544K
  class space    used 12109K, capacity 13255K, committed 13308K, reserved 1048576K
Heap Regions: E=young(eden), S=young(survivor), O=old, HS=humongous(starts), HC=humongous(continues), CS=collection set, F=free, A=archive, TS=gc time stamp, AC=allocation context, TAMS=top-at-mark-start (previous, next)
|   0|0x0000000700000000, 0x00000007000f3cb8, 0x0000000700100000| 95%| O|  |TS  0|AC  0|TAMS 0x0000000700000000, 0x0000000700000000|
|   1|0x0000000700100000, 0x0000000700200000, 0x0000000700200000|100%|HS|  |TS  0|AC  0|TAMS 0x0000000700100000, 0x0000000700100000|
|   2|0x0000000700200000, 0x0000000700300000, 0x0000000700300000|100%|HC|  |TS  0|AC  0|TAMS 0x0000000700200000, 0x0000000700200000|
|   3|0x0000000700300000, 0x0000000700400000, 0x0000000700400000|100%|HS|  |TS  0|AC  0|TAMS 0x0000000700300000, 0x0000000700300000|
|   4|0x0000000700400000, 0x00000007004fffe8, 0x0000000700500000| 99%| O|  |TS  0|AC  0|TAMS 0x0000000700400000, 0x0000000700400000|
|   5|0x0000000700500000, 0x0000000700600000, 0x0000000700600000|100%| O|  |TS  0|AC  0|TAMS 0x0000000700500000, 0x0000000700500000|
|   6|0x0000000700600000, 0x00000007006fffd8, 0x0000000700700000| 99%| O|  |TS  0|AC  0|TAMS 0x0000000700600000, 0x0000000700600000|
|   7|0x0000000700700000, 0x00000007007ffd18, 0x0000000700800000| 99%| O|  |TS  0|AC  0|TAMS 0x0000000700700000, 0x0000000700700000|
|   8|0x0000000700800000, 0x00000007008ffff8, 0x0000000700900000| 99%| O|  |TS  0|AC  0|TAMS 0x0000000700800000, 0x0000000700800000|
|   9|0x0000000700900000, 0x0000000700a00000, 0x0000000700a00000|100%|HS|  |TS  0|AC  0|TAMS 0x0000000700900000, 0x0000000700900000|
|  10|0x0000000700a00000, 0x0000000700adc688, 0x0000000700b00000| 86%| O|  |TS  0|AC  0|TAMS 0x0000000700a00000, 0x0000000700a00000|
|  11|0x0000000700b00000, 0x0000000700c00000, 0x0000000700c00000|100%|HS|  |TS  0|AC  0|TAMS 0x0000000700b00000, 0x0000000700b00000|
|  12|0x0000000700c00000, 0x0000000700d00000, 0x0000000700d00000|100%|HC|  |TS  0|AC  0|TAMS 0x0000000700c00000, 0x0000000700c00000|
|  13|0x0000000700d00000, 0x0000000700e00000, 0x0000000700e00000|100%| O|  |TS  0|AC  0|TAMS 0x0000000700d00000, 0x0000000700d00000|
|  14|0x0000000700e00000, 0x0000000700eff6a8, 0x0000000700f00000| 99%| O|  |TS  0|AC  0|TAMS 0x0000000700e00000, 0x0000000700e00000|
|  15|0x0000000700f00000, 0x0000000700fffff8, 0x0000000701000000| 99%| O|  |TS  0|AC  0|TAMS 0x0000000700f00000, 0x0000000700f00000|
|  16|0x0000000701000000, 0x00000007010ffff0, 0x0000000701100000| 99%| O|  |TS  0|AC  0|TAMS 0x0000000701000000, 0x0000000701000000|
|  17|0x0000000701100000, 0x00000007011ffd18, 0x0000000701200000| 99%| O|  |TS  0|AC  0|TAMS 0x0000000701100000, 0x0000000701100000|
|  18|0x0000000701200000, 0x00000007012fffe8, 0x0000000701300000| 99%| O|  |TS  0|AC  0|TAMS 0x0000000701200000, 0x0000000701200000|
|  19|0x0000000701300000, 0x00000007013fffd0, 0x0000000701400000| 99%| O|  |TS  0|AC  0|TAMS 0x0000000701300000, 0x0000000701300000|
|  20|0x0000000701400000, 0x00000007014fffd8, 0x0000000701500000| 99%| O|  |TS  0|AC  0|TAMS 0x0000000701400000, 0x0000000701400000|
|  21|0x0000000701500000, 0x0000000701600000, 0x0000000701600000|100%|HS|  |TS  0|AC  0|TAMS 0x0000000701500000, 0x0000000701500000|
|  22|0x0000000701600000, 0x00000007016ffff0, 0x0000000701700000| 99%| O|  |TS  0|AC  0|TAMS 0x0000000701600000, 0x0000000701600000|
|  23|0x0000000701700000, 0x00000007017fecc0, 0x0000000701800000| 99%| O|  |TS  0|AC  0|TAMS 0x0000000701700000, 0x0000000701700000|
|  24|0x0000000701800000, 0x0000000701900000, 0x0000000701900000|100%| O|  |TS  0|AC  0|TAMS 0x0000000701800000, 0x0000000701800000|
|  25|0x0000000701900000, 0x00000007019fffd8, 0x0000000701a00000| 99%| O|  |TS  0|AC  0|TAMS 0x0000000701900000, 0x0000000701900000|
|  26|0x0000000701a00000, 0x0000000701affff0, 0x0000000701b00000| 99%| O|  |TS  0|AC  0|TAMS 0x0000000701a00000, 0x0000000701a00000|
|  27|0x0000000701b00000, 0x0000000701bffff8, 0x0000000701c00000| 99%| O|  |TS  0|AC  0|TAMS 0x0000000701b00000, 0x0000000701b00000|
|  28|0x0000000701c00000, 0x0000000701cffff0, 0x0000000701d00000| 99%| O|  |TS  0|AC  0|TAMS 0x0000000701c00000, 0x0000000701c00000|
|  29|0x0000000701d00000, 0x0000000701dfffe8, 0x0000000701e00000| 99%| O|  |TS  0|AC  0|TAMS 0x0000000701d00000, 0x0000000701d00000|
|  30|0x0000000701e00000, 0x0000000701efffe8, 0x0000000701f00000| 99%| O|  |TS  0|AC  0|TAMS 0x0000000701e00000, 0x0000000701e00000|
|  31|0x0000000701f00000, 0x0000000702000000, 0x0000000702000000|100%| O|  |TS  0|AC  0|TAMS 0x0000000701f00000, 0x0000000701f00000|
|  32|0x0000000702000000, 0x00000007020ffe90, 0x0000000702100000| 99%| O|  |TS  0|AC  0|TAMS 0x0000000702000000, 0x0000000702000000|
|  33|0x0000000702100000, 0x0000000702200000, 0x0000000702200000|100%| O|  |TS  0|AC  0|TAMS 0x0000000702100000, 0x0000000702100000|
|  34|0x0000000702200000, 0x00000007022ffff0, 0x0000000702300000| 99%| O|  |TS  0|AC  0|TAMS 0x0000000702200000, 0x0000000702200000|
|  35|0x0000000702300000, 0x0000000702400000, 0x0000000702400000|100%| O|  |TS  0|AC  0|TAMS 0x0000000702300000, 0x0000000702300000|
|  36|0x0000000702400000, 0x00000007024fffe0, 0x0000000702500000| 99%| O|  |TS  0|AC  0|TAMS 0x0000000702400000, 0x0000000702400000|
|  37|0x0000000702500000, 0x00000007025ffff0, 0x0000000702600000| 99%| O|  |TS  0|AC  0|TAMS 0x0000000702500000, 0x0000000702500000|
|  38|0x0000000702600000, 0x00000007026fffd8, 0x0000000702700000| 99%| O|  |TS  0|AC  0|TAMS 0x0000000702600000, 0x0000000702600000|
|  39|0x0000000702700000, 0x0000000702800000, 0x0000000702800000|100%|HS|  |TS  0|AC  0|TAMS 0x0000000702700000, 0x0000000702700000|
|  40|0x0000000702800000, 0x0000000702900000, 0x0000000702900000|100%|HC|  |TS  0|AC  0|TAMS 0x0000000702800000, 0x0000000702800000|
|  41|0x0000000702900000, 0x0000000702a00000, 0x0000000702a00000|100%|HC|  |TS  0|AC  0|TAMS 0x0000000702900000, 0x0000000702900000|
|  42|0x0000000702a00000, 0x0000000702b00000, 0x0000000702b00000|100%|HC|  |TS  0|AC  0|TAMS 0x0000000702a00000, 0x0000000702a00000|
|  43|0x0000000702b00000, 0x0000000702c00000, 0x0000000702c00000|100%|HC|  |TS  0|AC  0|TAMS 0x0000000702b00000, 0x0000000702b00000|
|  44|0x0000000702c00000, 0x0000000702d00000, 0x0000000702d00000|100%|HC|  |TS  0|AC  0|TAMS 0x0000000702c00000, 0x0000000702c00000|
|  45|0x0000000702d00000, 0x0000000702e00000, 0x0000000702e00000|100%|HC|  |TS  0|AC  0|TAMS 0x0000000702d00000, 0x0000000702d00000|
|  46|0x0000000702e00000, 0x0000000702f00000, 0x0000000702f00000|100%|HC|  |TS  0|AC  0|TAMS 0x0000000702e00000, 0x0000000702e00000|
|  47|0x0000000702f00000, 0x0000000703000000, 0x0000000703000000|100%|HC|  |TS  0|AC  0|TAMS 0x0000000702f00000, 0x0000000702f00000|
|  48|0x0000000703000000, 0x0000000703100000, 0x0000000703100000|100%|HC|  |TS  0|AC  0|TAMS 0x0000000703000000, 0x0000000703000000|
|  49|0x0000000703100000, 0x0000000703200000, 0x0000000703200000|100%|HC|  |TS  0|AC  0|TAMS 0x0000000703100000, 0x0000000703100000|
|  50|0x0000000703200000, 0x0000000703300000, 0x0000000703300000|100%|HC|  |TS  0|AC  0|TAMS 0x0000000703200000, 0x0000000703200000|
|  51|0x0000000703300000, 0x00000007033fffc8, 0x0000000703400000| 99%| O|  |TS  0|AC  0|TAMS 0x0000000703300000, 0x0000000703300000|
|  52|0x0000000703400000, 0x00000007034ffff8, 0x0000000703500000| 99%| O|  |TS  0|AC  0|TAMS 0x0000000703400000, 0x0000000703400000|
|  53|0x0000000703500000, 0x00000007035fde00, 0x0000000703600000| 99%| O|  |TS  0|AC  0|TAMS 0x0000000703500000, 0x0000000703500000|
|  54|0x0000000703600000, 0x00000007036ffed0, 0x0000000703700000| 99%| O|  |TS  0|AC  0|TAMS 0x0000000703600000, 0x0000000703600000|
|  55|0x0000000703700000, 0x00000007037ffff0, 0x0000000703800000| 99%| O|  |TS  0|AC  0|TAMS 0x0000000703700000, 0x0000000703700000|
|  56|0x0000000703800000, 0x0000000703900000, 0x0000000703900000|100%|HS|  |TS  0|AC  0|TAMS 0x0000000703800000, 0x0000000703800000|
|  57|0x0000000703900000, 0x00000007039ffff0, 0x0000000703a00000| 99%| O|  |TS  0|AC  0|TAMS 0x0000000703900000, 0x0000000703900000|
|  58|0x0000000703a00000, 0x0000000703afed28, 0x0000000703b00000| 99%| O|  |TS  0|AC  0|TAMS 0x0000000703a00000, 0x0000000703a00000|
|  59|0x0000000703b00000, 0x0000000703bff5b8, 0x0000000703c00000| 99%| O|  |TS  0|AC  0|TAMS 0x0000000703b00000, 0x0000000703b00000|
|  60|0x0000000703c00000, 0x0000000703d00000, 0x0000000703d00000|100%| O|  |TS  0|AC  0|TAMS 0x0000000703c00000, 0x0000000703c00000|
|  61|0x0000000703d00000, 0x0000000703dffff8, 0x0000000703e00000| 99%| O|  |TS  0|AC  0|TAMS 0x0000000703d00000, 0x0000000703d00000|
|  62|0x0000000703e00000, 0x0000000703effff8, 0x0000000703f00000| 99%| O|  |TS  0|AC  0|TAMS 0x0000000703e00000, 0x0000000703e00000|
|  63|0x0000000703f00000, 0x0000000703ffffe8, 0x0000000704000000| 99%| O|  |TS  0|AC  0|TAMS 0x0000000703f00000, 0x0000000703f00000|
|  64|0x0000000704000000, 0x00000007040fffe0, 0x0000000704100000| 99%| O|  |TS  0|AC  0|TAMS 0x0000000704000000, 0x0000000704000000|
|  65|0x0000000704100000, 0x00000007041ff0d0, 0x0000000704200000| 99%| O|  |TS  0|AC  0|TAMS 0x0000000704100000, 0x0000000704100000|
|  66|0x0000000704200000, 0x00000007042ffff8, 0x0000000704300000| 99%| O|  |TS  0|AC  0|TAMS 0x0000000704200000, 0x0000000704200000|
|  67|0x0000000704300000, 0x00000007043f0728, 0x0000000704400000| 93%| O|  |TS  0|AC  0|TAMS 0x0000000704300000, 0x0000000704300000|
|  68|0x0000000704400000, 0x00000007044ffff8, 0x0000000704500000| 99%| O|  |TS  0|AC  0|TAMS 0x0000000704400000, 0x0000000704400000|
|  69|0x0000000704500000, 0x00000007045feef8, 0x0000000704600000| 99%| O|  |TS  0|AC  0|TAMS 0x0000000704500000, 0x0000000704500000|
|  70|0x0000000704600000, 0x0000000704700000, 0x0000000704700000|100%| O|  |TS  0|AC  0|TAMS 0x0000000704600000, 0x0000000704600000|
|  71|0x0000000704700000, 0x00000007047fffb0, 0x0000000704800000| 99%| O|  |TS  0|AC  0|TAMS 0x0000000704700000, 0x0000000704700000|
|  72|0x0000000704800000, 0x00000007048fffd8, 0x0000000704900000| 99%| O|  |TS  0|AC  0|TAMS 0x0000000704800000, 0x0000000704800000|
|  73|0x0000000704900000, 0x00000007049fffe0, 0x0000000704a00000| 99%| O|  |TS  0|AC  0|TAMS 0x0000000704900000, 0x0000000704900000|
|  74|0x0000000704a00000, 0x0000000704b00000, 0x0000000704b00000|100%| O|  |TS  0|AC  0|TAMS 0x0000000704a00000, 0x0000000704a00000|
|  75|0x0000000704b00000, 0x0000000704bfffe8, 0x0000000704c00000| 99%| O|  |TS  0|AC  0|TAMS 0x0000000704b00000, 0x0000000704b00000|
|  76|0x0000000704c00000, 0x0000000704cffff8, 0x0000000704d00000| 99%| O|  |TS  0|AC  0|TAMS 0x0000000704c00000, 0x0000000704c00000|
|  77|0x0000000704d00000, 0x0000000704e00000, 0x0000000704e00000|100%| O|  |TS  0|AC  0|TAMS 0x0000000704d00000, 0x0000000704d00000|
|  78|0x0000000704e00000, 0x0000000704f00000, 0x0000000704f00000|100%| O|  |TS  0|AC  0|TAMS 0x0000000704e00000, 0x0000000704e00000|
|  79|0x0000000704f00000, 0x0000000704ffff60, 0x0000000705000000| 99%| O|  |TS  0|AC  0|TAMS 0x0000000704f00000, 0x0000000704f00000|
|  80|0x0000000705000000, 0x0000000705100000, 0x0000000705100000|100%| O|  |TS  0|AC  0|TAMS 0x0000000705000000, 0x0000000705000000|
|  81|0x0000000705100000, 0x0000000705200000, 0x0000000705200000|100%|HS|  |TS  0|AC  0|TAMS 0x0000000705100000, 0x0000000705100000|
|  82|0x0000000705200000, 0x0000000705300000, 0x0000000705300000|100%|HC|  |TS  0|AC  0|TAMS 0x0000000705200000, 0x0000000705200000|
|  83|0x0000000705300000, 0x0000000705400000, 0x0000000705400000|100%|HC|  |TS  0|AC  0|TAMS 0x0000000705300000, 0x0000000705300000|
|  84|0x0000000705400000, 0x0000000705500000, 0x0000000705500000|100%|HC|  |TS  0|AC  0|TAMS 0x0000000705400000, 0x0000000705400000|
|  85|0x0000000705500000, 0x0000000705600000, 0x0000000705600000|100%|HC|  |TS  0|AC  0|TAMS 0x0000000705500000, 0x0000000705500000|
|  86|0x0000000705600000, 0x0000000705700000, 0x0000000705700000|100%|HC|  |TS  0|AC  0|TAMS 0x0000000705600000, 0x0000000705600000|
|  87|0x0000000705700000, 0x0000000705800000, 0x0000000705800000|100%|HC|  |TS  0|AC  0|TAMS 0x0000000705700000, 0x0000000705700000|
|  88|0x0000000705800000, 0x0000000705900000, 0x0000000705900000|100%|HC|  |TS  0|AC  0|TAMS 0x0000000705800000, 0x0000000705800000|
|  89|0x0000000705900000, 0x0000000705a00000, 0x0000000705a00000|100%|HC|  |TS  0|AC  0|TAMS 0x0000000705900000, 0x0000000705900000|
|  90|0x0000000705a00000, 0x0000000705b00000, 0x0000000705b00000|100%|HC|  |TS  0|AC  0|TAMS 0x0000000705a00000, 0x0000000705a00000|
|  91|0x0000000705b00000, 0x0000000705c00000, 0x0000000705c00000|100%|HC|  |TS  0|AC  0|TAMS 0x0000000705b00000, 0x0000000705b00000|
|  92|0x0000000705c00000, 0x0000000705d00000, 0x0000000705d00000|100%|HC|  |TS  0|AC  0|TAMS 0x0000000705c00000, 0x0000000705c00000|
|  93|0x0000000705d00000, 0x0000000705dfffd8, 0x0000000705e00000| 99%| O|  |TS  0|AC  0|TAMS 0x0000000705d00000, 0x0000000705d00000|
|  94|0x0000000705e00000, 0x0000000705efffc0, 0x0000000705f00000| 99%| O|  |TS  0|AC  0|TAMS 0x0000000705e00000, 0x0000000705e00000|
|  95|0x0000000705f00000, 0x0000000705fffff8, 0x0000000706000000| 99%| O|  |TS  0|AC  0|TAMS 0x0000000705f00000, 0x0000000705f00000|
|  96|0x0000000706000000, 0x00000007060ffff0, 0x0000000706100000| 99%| O|  |TS  0|AC  0|TAMS 0x0000000706000000, 0x0000000706000000|
|  97|0x0000000706100000, 0x00000007061ff890, 0x0000000706200000| 99%| O|  |TS  0|AC  0|TAMS 0x0000000706100000, 0x0000000706100000|
|  98|0x0000000706200000, 0x00000007062fffe8, 0x0000000706300000| 99%| O|  |TS  0|AC  0|TAMS 0x0000000706200000, 0x0000000706200000|
|  99|0x0000000706300000, 0x00000007063ffff8, 0x0000000706400000| 99%| O|  |TS  0|AC  0|TAMS 0x0000000706300000, 0x0000000706300000|
| 100|0x0000000706400000, 0x0000000706500000, 0x0000000706500000|100%|HS|  |TS  0|AC  0|TAMS 0x0000000706400000, 0x0000000706400000|
| 101|0x0000000706500000, 0x0000000706600000, 0x0000000706600000|100%|HC|  |TS  0|AC  0|TAMS 0x0000000706500000, 0x0000000706500000|
| 102|0x0000000706600000, 0x0000000706700000, 0x0000000706700000|100%|HC|  |TS  0|AC  0|TAMS 0x0000000706600000, 0x0000000706600000|
| 103|0x0000000706700000, 0x00000007067ffff0, 0x0000000706800000| 99%| O|  |TS  0|AC  0|TAMS 0x0000000706700000, 0x0000000706700000|
| 104|0x0000000706800000, 0x00000007068fffe8, 0x0000000706900000| 99%| O|  |TS  0|AC  0|TAMS 0x0000000706800000, 0x0000000706800000|
| 105|0x0000000706900000, 0x0000000706950280, 0x0000000706a00000| 31%| O|  |TS  0|AC  0|TAMS 0x0000000706900000, 0x0000000706900000|
| 106|0x0000000706a00000, 0x0000000706a00000, 0x0000000706b00000|  0%| F|  |TS  0|AC  0|TAMS 0x0000000706a00000, 0x0000000706a00000|
| 107|0x0000000706b00000, 0x0000000706b00000, 0x0000000706c00000|  0%| F|  |TS  0|AC  0|TAMS 0x0000000706b00000, 0x0000000706b00000|
| 108|0x0000000706c00000, 0x0000000706c00000, 0x0000000706d00000|  0%| F|  |TS  0|AC  0|TAMS 0x0000000706c00000, 0x0000000706c00000|
| 109|0x0000000706d00000, 0x0000000706d00000, 0x0000000706e00000|  0%| F|  |TS  0|AC  0|TAMS 0x0000000706d00000, 0x0000000706d00000|
| 110|0x0000000706e00000, 0x0000000706e00000, 0x0000000706f00000|  0%| F|  |TS  0|AC  0|TAMS 0x0000000706e00000, 0x0000000706e00000|
| 111|0x0000000706f00000, 0x0000000706f00000, 0x0000000707000000|  0%| F|  |TS  0|AC  0|TAMS 0x0000000706f00000, 0x0000000706f00000|
| 112|0x0000000707000000, 0x0000000707100000, 0x0000000707100000|100%|HS|  |TS  0|AC  0|TAMS 0x0000000707000000, 0x0000000707000000|
| 113|0x0000000707100000, 0x0000000707200000, 0x0000000707200000|100%|HC|  |TS  0|AC  0|TAMS 0x0000000707100000, 0x0000000707100000|
| 114|0x0000000707200000, 0x0000000707300000, 0x0000000707300000|100%|HC|  |TS  0|AC  0|TAMS 0x0000000707200000, 0x0000000707200000|
| 115|0x0000000707300000, 0x0000000707300000, 0x0000000707400000|  0%| F|  |TS  0|AC  0|TAMS 0x0000000707300000, 0x0000000707300000|
| 116|0x0000000707400000, 0x0000000707400000, 0x0000000707500000|  0%| F|  |TS  0|AC  0|TAMS 0x0000000707400000, 0x0000000707400000|
| 117|0x0000000707500000, 0x0000000707500000, 0x0000000707600000|  0%| F|  |TS  0|AC  0|TAMS 0x0000000707500000, 0x0000000707500000|
| 118|0x0000000707600000, 0x0000000707600000, 0x0000000707700000|  0%| F|  |TS  0|AC  0|TAMS 0x0000000707600000, 0x0000000707600000|
| 119|0x0000000707700000, 0x0000000707700000, 0x0000000707800000|  0%| F|  |TS  0|AC  0|TAMS 0x0000000707700000, 0x0000000707700000|
| 120|0x0000000707800000, 0x0000000707800000, 0x0000000707900000|  0%| F|  |TS  0|AC  0|TAMS 0x0000000707800000, 0x0000000707800000|
| 121|0x0000000707900000, 0x0000000707900000, 0x0000000707a00000|  0%| F|  |TS  0|AC  0|TAMS 0x0000000707900000, 0x0000000707900000|
| 122|0x0000000707a00000, 0x0000000707a00000, 0x0000000707b00000|  0%| F|  |TS  0|AC  0|TAMS 0x0000000707a00000, 0x0000000707a00000|
| 123|0x0000000707b00000, 0x0000000707b00000, 0x0000000707c00000|  0%| F|  |TS  0|AC  0|TAMS 0x0000000707b00000, 0x0000000707b00000|
| 124|0x0000000707c00000, 0x0000000707c00000, 0x0000000707d00000|  0%| F|  |TS  0|AC  0|TAMS 0x0000000707c00000, 0x0000000707c00000|
| 125|0x0000000707d00000, 0x0000000707d00000, 0x0000000707e00000|  0%| F|  |TS  0|AC  0|TAMS 0x0000000707d00000, 0x0000000707d00000|
| 126|0x0000000707e00000, 0x0000000707e00000, 0x0000000707f00000|  0%| F|  |TS  0|AC  0|TAMS 0x0000000707e00000, 0x0000000707e00000|
| 127|0x0000000707f00000, 0x0000000707f00000, 0x0000000708000000|  0%| F|  |TS  0|AC  0|TAMS 0x0000000707f00000, 0x0000000707f00000|
| 128|0x0000000708000000, 0x0000000708000000, 0x0000000708100000|  0%| F|  |TS  0|AC  0|TAMS 0x0000000708000000, 0x0000000708000000|
| 129|0x0000000708100000, 0x0000000708100000, 0x0000000708200000|  0%| F|  |TS  0|AC  0|TAMS 0x0000000708100000, 0x0000000708100000|
| 130|0x0000000708200000, 0x0000000708200000, 0x0000000708300000|  0%| F|  |TS  0|AC  0|TAMS 0x0000000708200000, 0x0000000708200000|
| 131|0x0000000708300000, 0x0000000708300000, 0x0000000708400000|  0%| F|  |TS  0|AC  0|TAMS 0x0000000708300000, 0x0000000708300000|
| 132|0x0000000708400000, 0x0000000708400000, 0x0000000708500000|  0%| F|  |TS  0|AC  0|TAMS 0x0000000708400000, 0x0000000708400000|
| 133|0x0000000708500000, 0x0000000708500000, 0x0000000708600000|  0%| F|  |TS  0|AC  0|TAMS 0x0000000708500000, 0x0000000708500000|
| 134|0x0000000708600000, 0x0000000708600000, 0x0000000708700000|  0%| F|  |TS  0|AC  0|TAMS 0x0000000708600000, 0x0000000708600000|
| 135|0x0000000708700000, 0x0000000708700000, 0x0000000708800000|  0%| F|  |TS  0|AC  0|TAMS 0x0000000708700000, 0x0000000708700000|
| 136|0x0000000708800000, 0x0000000708800000, 0x0000000708900000|  0%| F|  |TS  0|AC  0|TAMS 0x0000000708800000, 0x0000000708800000|
| 137|0x0000000708900000, 0x0000000708900000, 0x0000000708a00000|  0%| F|  |TS  0|AC  0|TAMS 0x0000000708900000, 0x0000000708900000|
| 138|0x0000000708a00000, 0x0000000708a00000, 0x0000000708b00000|  0%| F|  |TS  0|AC  0|TAMS 0x0000000708a00000, 0x0000000708a00000|
| 139|0x0000000708b00000, 0x0000000708b00000, 0x0000000708c00000|  0%| F|  |TS  0|AC  0|TAMS 0x0000000708b00000, 0x0000000708b00000|
| 140|0x0000000708c00000, 0x0000000708c00000, 0x0000000708d00000|  0%| F|  |TS  0|AC  0|TAMS 0x0000000708c00000, 0x0000000708c00000|
| 141|0x0000000708d00000, 0x0000000708d00000, 0x0000000708e00000|  0%| F|  |TS  0|AC  0|TAMS 0x0000000708d00000, 0x0000000708d00000|
| 142|0x0000000708e00000, 0x0000000708e00000, 0x0000000708f00000|  0%| F|  |TS  0|AC  0|TAMS 0x0000000708e00000, 0x0000000708e00000|
| 143|0x0000000708f00000, 0x0000000708f00000, 0x0000000709000000|  0%| F|  |TS  0|AC  0|TAMS 0x0000000708f00000, 0x0000000708f00000|
| 144|0x0000000709000000, 0x0000000709000000, 0x0000000709100000|  0%| F|  |TS  0|AC  0|TAMS 0x0000000709000000, 0x0000000709000000|
| 145|0x0000000709100000, 0x0000000709100000, 0x0000000709200000|  0%| F|  |TS  0|AC  0|TAMS 0x0000000709100000, 0x0000000709100000|
| 146|0x0000000709200000, 0x0000000709200000, 0x0000000709300000|  0%| F|  |TS  0|AC  0|TAMS 0x0000000709200000, 0x0000000709200000|
| 147|0x0000000709300000, 0x0000000709300000, 0x0000000709400000|  0%| F|  |TS  0|AC  0|TAMS 0x0000000709300000, 0x0000000709300000|
| 148|0x0000000709400000, 0x0000000709400000, 0x0000000709500000|  0%| F|  |TS  0|AC  0|TAMS 0x0000000709400000, 0x0000000709400000|
| 149|0x0000000709500000, 0x0000000709500000, 0x0000000709600000|  0%| F|  |TS  0|AC  0|TAMS 0x0000000709500000, 0x0000000709500000|
| 150|0x0000000709600000, 0x0000000709600000, 0x0000000709700000|  0%| F|  |TS  0|AC  0|TAMS 0x0000000709600000, 0x0000000709600000|
| 151|0x0000000709700000, 0x0000000709700000, 0x0000000709800000|  0%| F|  |TS  0|AC  0|TAMS 0x0000000709700000, 0x0000000709700000|
| 152|0x0000000709800000, 0x0000000709800000, 0x0000000709900000|  0%| F|  |TS  0|AC  0|TAMS 0x0000000709800000, 0x0000000709800000|
| 153|0x0000000709900000, 0x0000000709900000, 0x0000000709a00000|  0%| F|  |TS  0|AC  0|TAMS 0x0000000709900000, 0x0000000709900000|
| 154|0x0000000709a00000, 0x0000000709a00000, 0x0000000709b00000|  0%| F|  |TS  0|AC  0|TAMS 0x0000000709a00000, 0x0000000709a00000|
| 155|0x0000000709b00000, 0x0000000709b00000, 0x0000000709c00000|  0%| F|  |TS  0|AC  0|TAMS 0x0000000709b00000, 0x0000000709b00000|
| 156|0x0000000709c00000, 0x0000000709c00000, 0x0000000709d00000|  0%| F|  |TS  0|AC  0|TAMS 0x0000000709c00000, 0x0000000709c00000|
| 157|0x0000000709d00000, 0x0000000709d00000, 0x0000000709e00000|  0%| F|  |TS  0|AC  0|TAMS 0x0000000709d00000, 0x0000000709d00000|
| 158|0x0000000709e00000, 0x0000000709e00000, 0x0000000709f00000|  0%| F|  |TS  0|AC  0|TAMS 0x0000000709e00000, 0x0000000709e00000|
| 159|0x0000000709f00000, 0x0000000709f00000, 0x000000070a000000|  0%| F|  |TS  0|AC  0|TAMS 0x0000000709f00000, 0x0000000709f00000|
| 160|0x000000070a000000, 0x000000070a000000, 0x000000070a100000|  0%| F|  |TS  0|AC  0|TAMS 0x000000070a000000, 0x000000070a000000|
| 161|0x000000070a100000, 0x000000070a100000, 0x000000070a200000|  0%| F|  |TS  0|AC  0|TAMS 0x000000070a100000, 0x000000070a100000|
| 162|0x000000070a200000, 0x000000070a200000, 0x000000070a300000|  0%| F|  |TS  0|AC  0|TAMS 0x000000070a200000, 0x000000070a200000|
| 163|0x000000070a300000, 0x000000070a300000, 0x000000070a400000|  0%| F|  |TS  0|AC  0|TAMS 0x000000070a300000, 0x000000070a300000|
| 164|0x000000070a400000, 0x000000070a400000, 0x000000070a500000|  0%| F|  |TS  0|AC  0|TAMS 0x000000070a400000, 0x000000070a400000|
| 165|0x000000070a500000, 0x000000070a500000, 0x000000070a600000|  0%| F|  |TS  0|AC  0|TAMS 0x000000070a500000, 0x000000070a500000|
| 166|0x000000070a600000, 0x000000070a600000, 0x000000070a700000|  0%| F|  |TS  0|AC  0|TAMS 0x000000070a600000, 0x000000070a600000|
| 167|0x000000070a700000, 0x000000070a700000, 0x000000070a800000|  0%| F|  |TS  0|AC  0|TAMS 0x000000070a700000, 0x000000070a700000|
| 168|0x000000070a800000, 0x000000070a800000, 0x000000070a900000|  0%| F|  |TS  0|AC  0|TAMS 0x000000070a800000, 0x000000070a800000|
| 169|0x000000070a900000, 0x000000070a900000, 0x000000070aa00000|  0%| F|  |TS  0|AC  0|TAMS 0x000000070a900000, 0x000000070a900000|
| 170|0x000000070aa00000, 0x000000070aa00000, 0x000000070ab00000|  0%| F|  |TS  0|AC  0|TAMS 0x000000070aa00000, 0x000000070aa00000|
| 171|0x000000070ab00000, 0x000000070ab00000, 0x000000070ac00000|  0%| F|  |TS  0|AC  0|TAMS 0x000000070ab00000, 0x000000070ab00000|
| 172|0x000000070ac00000, 0x000000070ac00000, 0x000000070ad00000|  0%| F|  |TS  0|AC  0|TAMS 0x000000070ac00000, 0x000000070ac00000|
| 173|0x000000070ad00000, 0x000000070ad00000, 0x000000070ae00000|  0%| F|  |TS  0|AC  0|TAMS 0x000000070ad00000, 0x000000070ad00000|
| 174|0x000000070ae00000, 0x000000070ae00000, 0x000000070af00000|  0%| F|  |TS  0|AC  0|TAMS 0x000000070ae00000, 0x000000070ae00000|
| 175|0x000000070af00000, 0x000000070af00000, 0x000000070b000000|  0%| F|  |TS  0|AC  0|TAMS 0x000000070af00000, 0x000000070af00000|
| 176|0x000000070b000000, 0x000000070b000000, 0x000000070b100000|  0%| F|  |TS  0|AC  0|TAMS 0x000000070b000000, 0x000000070b000000|
| 177|0x000000070b100000, 0x000000070b100000, 0x000000070b200000|  0%| F|  |TS  0|AC  0|TAMS 0x000000070b100000, 0x000000070b100000|
| 178|0x000000070b200000, 0x000000070b200000, 0x000000070b300000|  0%| F|  |TS  0|AC  0|TAMS 0x000000070b200000, 0x000000070b200000|
| 179|0x000000070b300000, 0x000000070b300000, 0x000000070b400000|  0%| F|  |TS  0|AC  0|TAMS 0x000000070b300000, 0x000000070b300000|
| 180|0x000000070b400000, 0x000000070b400000, 0x000000070b500000|  0%| F|  |TS  0|AC  0|TAMS 0x000000070b400000, 0x000000070b400000|
| 181|0x000000070b500000, 0x000000070b500000, 0x000000070b600000|  0%| F|  |TS  0|AC  0|TAMS 0x000000070b500000, 0x000000070b500000|
| 182|0x000000070b600000, 0x000000070b600000, 0x000000070b700000|  0%| F|  |TS  0|AC  0|TAMS 0x000000070b600000, 0x000000070b600000|
| 183|0x000000070b700000, 0x000000070b700000, 0x000000070b800000|  0%| F|  |TS  0|AC  0|TAMS 0x000000070b700000, 0x000000070b700000|
| 184|0x000000070b800000, 0x000000070b800000, 0x000000070b900000|  0%| F|  |TS  0|AC  0|TAMS 0x000000070b800000, 0x000000070b800000|
| 185|0x000000070b900000, 0x000000070b900000, 0x000000070ba00000|  0%| F|  |TS  0|AC  0|TAMS 0x000000070b900000, 0x000000070b900000|
| 186|0x000000070ba00000, 0x000000070ba00000, 0x000000070bb00000|  0%| F|  |TS  0|AC  0|TAMS 0x000000070ba00000, 0x000000070ba00000|
| 187|0x000000070bb00000, 0x000000070bb00000, 0x000000070bc00000|  0%| F|  |TS  0|AC  0|TAMS 0x000000070bb00000, 0x000000070bb00000|
| 188|0x000000070bc00000, 0x000000070bc00000, 0x000000070bd00000|  0%| F|  |TS  0|AC  0|TAMS 0x000000070bc00000, 0x000000070bc00000|
| 189|0x000000070bd00000, 0x000000070bd00000, 0x000000070be00000|  0%| F|  |TS  0|AC  0|TAMS 0x000000070bd00000, 0x000000070bd00000|
| 190|0x000000070be00000, 0x000000070be00000, 0x000000070bf00000|  0%| F|  |TS  0|AC  0|TAMS 0x000000070be00000, 0x000000070be00000|
| 191|0x000000070bf00000, 0x000000070bf00000, 0x000000070c000000|  0%| F|  |TS  0|AC  0|TAMS 0x000000070bf00000, 0x000000070bf00000|
| 192|0x000000070c000000, 0x000000070c000000, 0x000000070c100000|  0%| F|  |TS  0|AC  0|TAMS 0x000000070c000000, 0x000000070c000000|
| 193|0x000000070c100000, 0x000000070c100000, 0x000000070c200000|  0%| F|  |TS  0|AC  0|TAMS 0x000000070c100000, 0x000000070c100000|
| 194|0x000000070c200000, 0x000000070c200000, 0x000000070c300000|  0%| F|  |TS  0|AC  0|TAMS 0x000000070c200000, 0x000000070c200000|
| 195|0x000000070c300000, 0x000000070c300000, 0x000000070c400000|  0%| F|  |TS  0|AC  0|TAMS 0x000000070c300000, 0x000000070c300000|
| 196|0x000000070c400000, 0x000000070c400000, 0x000000070c500000|  0%| F|  |TS  0|AC  0|TAMS 0x000000070c400000, 0x000000070c400000|
| 197|0x000000070c500000, 0x000000070c500000, 0x000000070c600000|  0%| F|  |TS  0|AC  0|TAMS 0x000000070c500000, 0x000000070c500000|
| 198|0x000000070c600000, 0x000000070c600000, 0x000000070c700000|  0%| F|  |TS  0|AC  0|TAMS 0x000000070c600000, 0x000000070c600000|
| 199|0x000000070c700000, 0x000000070c700000, 0x000000070c800000|  0%| F|  |TS  0|AC  0|TAMS 0x000000070c700000, 0x000000070c700000|
| 200|0x000000070c800000, 0x000000070c800000, 0x000000070c900000|  0%| F|  |TS  0|AC  0|TAMS 0x000000070c800000, 0x000000070c800000|
| 201|0x000000070c900000, 0x000000070c900000, 0x000000070ca00000|  0%| F|  |TS  0|AC  0|TAMS 0x000000070c900000, 0x000000070c900000|
| 202|0x000000070ca00000, 0x000000070ca00000, 0x000000070cb00000|  0%| F|  |TS  0|AC  0|TAMS 0x000000070ca00000, 0x000000070ca00000|
| 203|0x000000070cb00000, 0x000000070cb00000, 0x000000070cc00000|  0%| F|  |TS  0|AC  0|TAMS 0x000000070cb00000, 0x000000070cb00000|
| 204|0x000000070cc00000, 0x000000070cc00000, 0x000000070cd00000|  0%| F|  |TS  0|AC  0|TAMS 0x000000070cc00000, 0x000000070cc00000|
| 205|0x000000070cd00000, 0x000000070cd00000, 0x000000070ce00000|  0%| F|  |TS  0|AC  0|TAMS 0x000000070cd00000, 0x000000070cd00000|
| 206|0x000000070ce00000, 0x000000070ce00000, 0x000000070cf00000|  0%| F|  |TS  0|AC  0|TAMS 0x000000070ce00000, 0x000000070ce00000|
| 207|0x000000070cf00000, 0x000000070cf00000, 0x000000070d000000|  0%| F|  |TS  0|AC  0|TAMS 0x000000070cf00000, 0x000000070cf00000|
| 208|0x000000070d000000, 0x000000070d000000, 0x000000070d100000|  0%| F|  |TS  0|AC  0|TAMS 0x000000070d000000, 0x000000070d000000|
| 209|0x000000070d100000, 0x000000070d100000, 0x000000070d200000|  0%| F|  |TS  0|AC  0|TAMS 0x000000070d100000, 0x000000070d100000|
| 210|0x000000070d200000, 0x000000070d200000, 0x000000070d300000|  0%| F|  |TS  0|AC  0|TAMS 0x000000070d200000, 0x000000070d200000|
| 211|0x000000070d300000, 0x000000070d300000, 0x000000070d400000|  0%| F|  |TS  0|AC  0|TAMS 0x000000070d300000, 0x000000070d300000|
| 212|0x000000070d400000, 0x000000070d400000, 0x000000070d500000|  0%| F|  |TS  0|AC  0|TAMS 0x000000070d400000, 0x000000070d400000|
| 213|0x000000070d500000, 0x000000070d500000, 0x000000070d600000|  0%| F|  |TS  0|AC  0|TAMS 0x000000070d500000, 0x000000070d500000|
| 214|0x000000070d600000, 0x000000070d600000, 0x000000070d700000|  0%| F|  |TS  0|AC  0|TAMS 0x000000070d600000, 0x000000070d600000|
| 215|0x000000070d700000, 0x000000070d700000, 0x000000070d800000|  0%| F|  |TS  0|AC  0|TAMS 0x000000070d700000, 0x000000070d700000|
| 216|0x000000070d800000, 0x000000070d800000, 0x000000070d900000|  0%| F|  |TS  0|AC  0|TAMS 0x000000070d800000, 0x000000070d800000|
| 217|0x000000070d900000, 0x000000070d900000, 0x000000070da00000|  0%| F|  |TS  0|AC  0|TAMS 0x000000070d900000, 0x000000070d900000|
| 218|0x000000070da00000, 0x000000070da00000, 0x000000070db00000|  0%| F|  |TS  0|AC  0|TAMS 0x000000070da00000, 0x000000070da00000|
| 219|0x000000070db00000, 0x000000070db00000, 0x000000070dc00000|  0%| F|  |TS  0|AC  0|TAMS 0x000000070db00000, 0x000000070db00000|
| 220|0x000000070dc00000, 0x000000070dc00000, 0x000000070dd00000|  0%| F|  |TS  0|AC  0|TAMS 0x000000070dc00000, 0x000000070dc00000|
| 221|0x000000070dd00000, 0x000000070dd00000, 0x000000070de00000|  0%| F|  |TS  0|AC  0|TAMS 0x000000070dd00000, 0x000000070dd00000|
| 222|0x000000070de00000, 0x000000070de00000, 0x000000070df00000|  0%| F|  |TS  0|AC  0|TAMS 0x000000070de00000, 0x000000070de00000|
| 223|0x000000070df00000, 0x000000070df00000, 0x000000070e000000|  0%| F|  |TS  0|AC  0|TAMS 0x000000070df00000, 0x000000070df00000|
| 224|0x000000070e000000, 0x000000070e000000, 0x000000070e100000|  0%| F|  |TS  0|AC  0|TAMS 0x000000070e000000, 0x000000070e000000|
| 225|0x000000070e100000, 0x000000070e100000, 0x000000070e200000|  0%| F|  |TS  7|AC  0|TAMS 0x000000070e100000, 0x000000070e100000|
| 226|0x000000070e200000, 0x000000070e26ec00, 0x000000070e300000| 43%| S|CS|TS  7|AC  0|TAMS 0x000000070e200000, 0x000000070e200000|
| 227|0x000000070e300000, 0x000000070e300000, 0x000000070e400000|  0%| F|  |TS  7|AC  0|TAMS 0x000000070e300000, 0x000000070e300000|
| 228|0x000000070e400000, 0x000000070e400000, 0x000000070e500000|  0%| F|  |TS  7|AC  0|TAMS 0x000000070e400000, 0x000000070e400000|
| 229|0x000000070e500000, 0x000000070e500000, 0x000000070e600000|  0%| F|  |TS  7|AC  0|TAMS 0x000000070e500000, 0x000000070e500000|
| 230|0x000000070e600000, 0x000000070e600000, 0x000000070e700000|  0%| F|  |TS  7|AC  0|TAMS 0x000000070e600000, 0x000000070e600000|
| 231|0x000000070e700000, 0x000000070e700000, 0x000000070e800000|  0%| F|  |TS  7|AC  0|TAMS 0x000000070e700000, 0x000000070e700000|
| 232|0x000000070e800000, 0x000000070e800000, 0x000000070e900000|  0%| F|  |TS  7|AC  0|TAMS 0x000000070e800000, 0x000000070e800000|
| 233|0x000000070e900000, 0x000000070e900000, 0x000000070ea00000|  0%| F|  |TS  7|AC  0|TAMS 0x000000070e900000, 0x000000070e900000|
| 234|0x000000070ea00000, 0x000000070ea00000, 0x000000070eb00000|  0%| F|  |TS  7|AC  0|TAMS 0x000000070ea00000, 0x000000070ea00000|
| 235|0x000000070eb00000, 0x000000070eb00000, 0x000000070ec00000|  0%| F|  |TS  7|AC  0|TAMS 0x000000070eb00000, 0x000000070eb00000|
| 236|0x000000070ec00000, 0x000000070ec00000, 0x000000070ed00000|  0%| F|  |TS  7|AC  0|TAMS 0x000000070ec00000, 0x000000070ec00000|
| 237|0x000000070ed00000, 0x000000070ed00000, 0x000000070ee00000|  0%| F|  |TS  7|AC  0|TAMS 0x000000070ed00000, 0x000000070ed00000|
| 238|0x000000070ee00000, 0x000000070ee00000, 0x000000070ef00000|  0%| F|  |TS  7|AC  0|TAMS 0x000000070ee00000, 0x000000070ee00000|
| 239|0x000000070ef00000, 0x000000070ef00000, 0x000000070f000000|  0%| F|  |TS  7|AC  0|TAMS 0x000000070ef00000, 0x000000070ef00000|
| 240|0x000000070f000000, 0x000000070f000000, 0x000000070f100000|  0%| F|  |TS  7|AC  0|TAMS 0x000000070f000000, 0x000000070f000000|
| 241|0x000000070f100000, 0x000000070f100000, 0x000000070f200000|  0%| F|  |TS  7|AC  0|TAMS 0x000000070f100000, 0x000000070f100000|
| 242|0x000000070f200000, 0x000000070f230ba8, 0x000000070f300000| 19%| E|  |TS  7|AC  0|TAMS 0x000000070f200000, 0x000000070f200000|
| 243|0x000000070f300000, 0x000000070f400000, 0x000000070f400000|100%| E|CS|TS  7|AC  0|TAMS 0x000000070f300000, 0x000000070f300000|
| 244|0x000000070f400000, 0x000000070f500000, 0x000000070f500000|100%| E|CS|TS  7|AC  0|TAMS 0x000000070f400000, 0x000000070f400000|
| 245|0x000000070f500000, 0x000000070f600000, 0x000000070f600000|100%| E|CS|TS  7|AC  0|TAMS 0x000000070f500000, 0x000000070f500000|
| 246|0x000000070f600000, 0x000000070f700000, 0x000000070f700000|100%| E|CS|TS  7|AC  0|TAMS 0x000000070f600000, 0x000000070f600000|
| 247|0x000000070f700000, 0x000000070f800000, 0x000000070f800000|100%| E|CS|TS  7|AC  0|TAMS 0x000000070f700000, 0x000000070f700000|
| 248|0x000000070f800000, 0x000000070f900000, 0x000000070f900000|100%| E|CS|TS  7|AC  0|TAMS 0x000000070f800000, 0x000000070f800000|
| 249|0x000000070f900000, 0x000000070fa00000, 0x000000070fa00000|100%| E|CS|TS  7|AC  0|TAMS 0x000000070f900000, 0x000000070f900000|
| 250|0x000000070fa00000, 0x000000070fb00000, 0x000000070fb00000|100%| E|CS|TS  7|AC  0|TAMS 0x000000070fa00000, 0x000000070fa00000|
| 251|0x000000070fb00000, 0x000000070fc00000, 0x000000070fc00000|100%| E|CS|TS  7|AC  0|TAMS 0x000000070fb00000, 0x000000070fb00000|
| 252|0x000000070fc00000, 0x000000070fd00000, 0x000000070fd00000|100%| E|CS|TS  7|AC  0|TAMS 0x000000070fc00000, 0x000000070fc00000|
| 253|0x000000070fd00000, 0x000000070fe00000, 0x000000070fe00000|100%| E|CS|TS  7|AC  0|TAMS 0x000000070fd00000, 0x000000070fd00000|
| 254|0x000000070fe00000, 0x000000070ff00000, 0x000000070ff00000|100%| E|CS|TS  7|AC  0|TAMS 0x000000070fe00000, 0x000000070fe00000|
| 255|0x000000070ff00000, 0x0000000710000000, 0x0000000710000000|100%| E|CS|TS  7|AC  0|TAMS 0x000000070ff00000, 0x000000070ff00000|
| 256|0x0000000710000000, 0x0000000710100000, 0x0000000710100000|100%| E|CS|TS  7|AC  0|TAMS 0x0000000710000000, 0x0000000710000000|
| 257|0x0000000710100000, 0x0000000710200000, 0x0000000710200000|100%| E|CS|TS  7|AC  0|TAMS 0x0000000710100000, 0x0000000710100000|
| 258|0x0000000710200000, 0x0000000710300000, 0x0000000710300000|100%| E|CS|TS  7|AC  0|TAMS 0x0000000710200000, 0x0000000710200000|
| 259|0x0000000710300000, 0x0000000710400000, 0x0000000710400000|100%| E|CS|TS  7|AC  0|TAMS 0x0000000710300000, 0x0000000710300000|
| 260|0x0000000710400000, 0x0000000710500000, 0x0000000710500000|100%| E|CS|TS  7|AC  0|TAMS 0x0000000710400000, 0x0000000710400000|
| 261|0x0000000710500000, 0x0000000710600000, 0x0000000710600000|100%| E|CS|TS  7|AC  0|TAMS 0x0000000710500000, 0x0000000710500000|
| 262|0x0000000710600000, 0x0000000710700000, 0x0000000710700000|100%| E|CS|TS  7|AC  0|TAMS 0x0000000710600000, 0x0000000710600000|
| 263|0x0000000710700000, 0x0000000710800000, 0x0000000710800000|100%| E|CS|TS  7|AC  0|TAMS 0x0000000710700000, 0x0000000710700000|
| 264|0x0000000710800000, 0x0000000710900000, 0x0000000710900000|100%| E|CS|TS  7|AC  0|TAMS 0x0000000710800000, 0x0000000710800000|
| 265|0x0000000710900000, 0x0000000710a00000, 0x0000000710a00000|100%| E|CS|TS  7|AC  0|TAMS 0x0000000710900000, 0x0000000710900000|
| 266|0x0000000710a00000, 0x0000000710b00000, 0x0000000710b00000|100%| E|CS|TS  7|AC  0|TAMS 0x0000000710a00000, 0x0000000710a00000|
| 267|0x0000000710b00000, 0x0000000710c00000, 0x0000000710c00000|100%| E|CS|TS  7|AC  0|TAMS 0x0000000710b00000, 0x0000000710b00000|
| 268|0x0000000710c00000, 0x0000000710d00000, 0x0000000710d00000|100%| E|CS|TS  7|AC  0|TAMS 0x0000000710c00000, 0x0000000710c00000|
| 269|0x0000000710d00000, 0x0000000710e00000, 0x0000000710e00000|100%| E|CS|TS  7|AC  0|TAMS 0x0000000710d00000, 0x0000000710d00000|
| 270|0x0000000710e00000, 0x0000000710f00000, 0x0000000710f00000|100%| E|CS|TS  7|AC  0|TAMS 0x0000000710e00000, 0x0000000710e00000|
| 271|0x0000000710f00000, 0x0000000711000000, 0x0000000711000000|100%| E|CS|TS  7|AC  0|TAMS 0x0000000710f00000, 0x0000000710f00000|
| 272|0x0000000711000000, 0x0000000711100000, 0x0000000711100000|100%| E|CS|TS  7|AC  0|TAMS 0x0000000711000000, 0x0000000711000000|
| 273|0x0000000711100000, 0x0000000711200000, 0x0000000711200000|100%| E|CS|TS  7|AC  0|TAMS 0x0000000711100000, 0x0000000711100000|
| 274|0x0000000711200000, 0x0000000711300000, 0x0000000711300000|100%| E|CS|TS  7|AC  0|TAMS 0x0000000711200000, 0x0000000711200000|
| 275|0x0000000711300000, 0x0000000711400000, 0x0000000711400000|100%| E|CS|TS  7|AC  0|TAMS 0x0000000711300000, 0x0000000711300000|
| 276|0x0000000711400000, 0x0000000711500000, 0x0000000711500000|100%| E|CS|TS  7|AC  0|TAMS 0x0000000711400000, 0x0000000711400000|
| 277|0x0000000711500000, 0x0000000711600000, 0x0000000711600000|100%| E|CS|TS  7|AC  0|TAMS 0x0000000711500000, 0x0000000711500000|
| 278|0x0000000711600000, 0x0000000711700000, 0x0000000711700000|100%| E|CS|TS  7|AC  0|TAMS 0x0000000711600000, 0x0000000711600000|
| 279|0x0000000711700000, 0x0000000711800000, 0x0000000711800000|100%| E|CS|TS  7|AC  0|TAMS 0x0000000711700000, 0x0000000711700000|
| 280|0x0000000711800000, 0x0000000711900000, 0x0000000711900000|100%| E|CS|TS  7|AC  0|TAMS 0x0000000711800000, 0x0000000711800000|
| 281|0x0000000711900000, 0x0000000711a00000, 0x0000000711a00000|100%| E|CS|TS  7|AC  0|TAMS 0x0000000711900000, 0x0000000711900000|
| 282|0x0000000711a00000, 0x0000000711b00000, 0x0000000711b00000|100%| E|CS|TS  7|AC  0|TAMS 0x0000000711a00000, 0x0000000711a00000|
| 283|0x0000000711b00000, 0x0000000711c00000, 0x0000000711c00000|100%| E|CS|TS  7|AC  0|TAMS 0x0000000711b00000, 0x0000000711b00000|
| 284|0x0000000711c00000, 0x0000000711d00000, 0x0000000711d00000|100%| E|CS|TS  7|AC  0|TAMS 0x0000000711c00000, 0x0000000711c00000|
| 285|0x0000000711d00000, 0x0000000711e00000, 0x0000000711e00000|100%| E|CS|TS  7|AC  0|TAMS 0x0000000711d00000, 0x0000000711d00000|

Card table byte_map: [0x0000016c83bc0000,0x0000016c841c0000] byte_map_base: 0x0000016c803c0000

Marking Bits (Prev, Next): (CMBitMap*) 0x0000016c852c9090, (CMBitMap*) 0x0000016c852c90c8
 Prev Bits: [0x0000016c9b6c0000, 0x0000016c9e6c0000)
 Next Bits: [0x0000016c9e6c0000, 0x0000016ca16c0000)

Polling page: 0x0000016c80110000

CodeHeap 'non-profiled nmethods': size=120064Kb used=25845Kb max_used=25845Kb free=94218Kb
 bounds [0x0000016c93b80000, 0x0000016c954d0000, 0x0000016c9b0c0000]
CodeHeap 'profiled nmethods': size=120000Kb used=46289Kb max_used=51310Kb free=73710Kb
 bounds [0x0000016c8c650000, 0x0000016c8f8c0000, 0x0000016c93b80000]
CodeHeap 'non-nmethods': size=5696Kb used=1834Kb max_used=1900Kb free=3861Kb
 bounds [0x0000016c8c0c0000, 0x0000016c8c330000, 0x0000016c8c650000]
 total_blobs=38576 nmethods=19984 adapters=1187
 compilation: enabled

Compilation events (10 events):
Event: 2624.186 Thread 0x0000016c81b44800 nmethod 26589 0x0000016c8d42d210 code [0x0000016c8d42d3c0, 0x0000016c8d42d550]
Event: 2624.234 Thread 0x0000016c81b44800 26590  s    3       java.awt.DefaultKeyboardFocusManager::dequeueKeyEvents (162 bytes)
Event: 2624.236 Thread 0x0000016c81b44800 nmethod 26590 0x0000016c8dad9110 code [0x0000016c8dad9440, 0x0000016c8dadaa20]
Event: 2624.241 Thread 0x0000016c8549e000 26591       4       com.jidesoft.grid.FilterableTreeTableModel::invalidateFilterCache (184 bytes)
Event: 2624.259 Thread 0x0000016c8549e000 nmethod 26591 0x0000016c954c0010 code [0x0000016c954c01e0, 0x0000016c954c0a98]
Event: 2624.369 Thread 0x0000016c81b44800 26592   !   3       javax.swing.text.AbstractDocument::insertUpdate (118 bytes)
Event: 2624.371 Thread 0x0000016c81b44800 nmethod 26592 0x0000016c8dbc7010 code [0x0000016c8dbc7360, 0x0000016c8dbc8bc0]
Event: 2625.555 Thread 0x0000016c80892800 26593       4       java.lang.invoke.LambdaFormEditor::addArgumentForm (121 bytes)
Event: 2625.561 Thread 0x0000016c81b44800 26594       3       java.lang.invoke.BoundMethodHandle$Species_L6IIL::copyWith (46 bytes)
Event: 2625.562 Thread 0x0000016c81b44800 nmethod 26594 0x0000016c8d60f390 code [0x0000016c8d60f540, 0x0000016c8d60f7d0]

GC Heap History (10 events):
Event: 2568.067 GC heap before
{Heap before GC invocations=610 (full 223):
 garbage-first heap   total 292864K, used 117705K [0x0000000700000000, 0x00000007001008f0, 0x00000007c0000000)
  region size 1024K, 8 young (8192K), 1 survivors (1024K)
 Metaspace       used 88828K, capacity 95512K, committed 95740K, reserved 1132544K
  class space    used 12084K, capacity 13252K, committed 13308K, reserved 1048576K
}
Event: 2568.337 GC heap after
{Heap after GC invocations=611 (full 224):
 garbage-first heap   total 292864K, used 110623K [0x0000000700000000, 0x00000007001008f0, 0x00000007c0000000)
  region size 1024K, 0 young (0K), 0 survivors (0K)
 Metaspace       used 88828K, capacity 95512K, committed 95740K, reserved 1132544K
  class space    used 12084K, capacity 13252K, committed 13308K, reserved 1048576K
}
Event: 2571.872 GC heap before
{Heap before GC invocations=611 (full 224):
 garbage-first heap   total 292864K, used 172063K [0x0000000700000000, 0x00000007001008f0, 0x00000007c0000000)
  region size 1024K, 60 young (61440K), 0 survivors (0K)
 Metaspace       used 88834K, capacity 95512K, committed 95740K, reserved 1132544K
  class space    used 12084K, capacity 13252K, committed 13308K, reserved 1048576K
}
Event: 2571.879 GC heap after
{Heap after GC invocations=612 (full 224):
 garbage-first heap   total 292864K, used 111121K [0x0000000700000000, 0x00000007001008f0, 0x00000007c0000000)
  region size 1024K, 1 young (1024K), 1 survivors (1024K)
 Metaspace       used 88834K, capacity 95512K, committed 95740K, reserved 1132544K
  class space    used 12084K, capacity 13252K, committed 13308K, reserved 1048576K
}
Event: 2584.389 GC heap before
{Heap before GC invocations=612 (full 224):
 garbage-first heap   total 292864K, used 171537K [0x0000000700000000, 0x00000007001008f0, 0x00000007c0000000)
  region size 1024K, 60 young (61440K), 1 survivors (1024K)
 Metaspace       used 88834K, capacity 95512K, committed 95740K, reserved 1132544K
  class space    used 12084K, capacity 13252K, committed 13308K, reserved 1048576K
}
Event: 2584.404 GC heap after
{Heap after GC invocations=613 (full 224):
 garbage-first heap   total 292864K, used 111140K [0x0000000700000000, 0x00000007001008f0, 0x00000007c0000000)
  region size 1024K, 1 young (1024K), 1 survivors (1024K)
 Metaspace       used 88834K, capacity 95512K, committed 95740K, reserved 1132544K
  class space    used 12084K, capacity 13252K, committed 13308K, reserved 1048576K
}
Event: 2607.405 GC heap before
{Heap before GC invocations=613 (full 224):
 garbage-first heap   total 292864K, used 171556K [0x0000000700000000, 0x00000007001008f0, 0x00000007c0000000)
  region size 1024K, 60 young (61440K), 1 survivors (1024K)
 Metaspace       used 88834K, capacity 95512K, committed 95740K, reserved 1132544K
  class space    used 12084K, capacity 13252K, committed 13308K, reserved 1048576K
}
Event: 2607.416 GC heap after
{Heap after GC invocations=614 (full 224):
 garbage-first heap   total 292864K, used 110968K [0x0000000700000000, 0x00000007001008f0, 0x00000007c0000000)
  region size 1024K, 1 young (1024K), 1 survivors (1024K)
 Metaspace       used 88834K, capacity 95512K, committed 95740K, reserved 1132544K
  class space    used 12084K, capacity 13252K, committed 13308K, reserved 1048576K
}
Event: 2617.838 GC heap before
{Heap before GC invocations=614 (full 224):
 garbage-first heap   total 292864K, used 171384K [0x0000000700000000, 0x00000007001008f0, 0x00000007c0000000)
  region size 1024K, 60 young (61440K), 1 survivors (1024K)
 Metaspace       used 88923K, capacity 95582K, committed 95740K, reserved 1132544K
  class space    used 12098K, capacity 13253K, committed 13308K, reserved 1048576K
}
Event: 2617.849 GC heap after
{Heap after GC invocations=615 (full 224):
 garbage-first heap   total 292864K, used 111066K [0x0000000700000000, 0x00000007001008f0, 0x00000007c0000000)
  region size 1024K, 1 young (1024K), 1 survivors (1024K)
 Metaspace       used 88923K, capacity 95582K, committed 95740K, reserved 1132544K
  class space    used 12098K, capacity 13253K, committed 13308K, reserved 1048576K
}

Deoptimization events (10 events):
Event: 2613.824 Thread 0x0000016c82368800 Uncommon trap: reason=unstable_if action=reinterpret pc=0x0000016c9486d260 method=sun.font.StandardGlyphVector.initFontData()V @ 52 c2
Event: 2613.936 Thread 0x0000016c82368800 Uncommon trap: reason=unstable_if action=reinterpret pc=0x0000016c951711a0 method=com.jidesoft.editor.CodeEditorPainter.paint(Ljava/awt/Graphics;)V @ 1184 c2
Event: 2613.936 Thread 0x0000016c82368800 Uncommon trap: reason=unstable_if action=reinterpret pc=0x0000016c94bfec10 method=sun.java2d.SunGraphics2D.checkFontInfo(Lsun/java2d/loops/FontInfo;Ljava/awt/Font;Ljava/awt/font/FontRenderContext;)Lsun/java2d/loops/FontInfo; @ 530 c2
Event: 2613.936 Thread 0x0000016c82368800 Uncommon trap: reason=unstable_if action=reinterpret pc=0x0000016c94609718 method=sun.font.GlyphList.ensureCapacity(I)V @ 10 c2
Event: 2613.936 Thread 0x0000016c82368800 Uncommon trap: reason=unstable_if action=reinterpret pc=0x0000016c949a8538 method=sun.java2d.SunGraphics2D.validateBasicStroke(Ljava/awt/BasicStroke;)V @ 97 c2
Event: 2613.936 Thread 0x0000016c82368800 Uncommon trap: reason=unstable_if action=reinterpret pc=0x0000016c94d62d24 method=sun.java2d.pipe.PixelToParallelogramConverter.drawGeneralLine(Lsun/java2d/SunGraphics2D;DDDD)Z @ 13 c2
Event: 2613.936 Thread 0x0000016c82368800 Uncommon trap: reason=unstable_if action=reinterpret pc=0x0000016c94927840 method=sun.java2d.marlin.Dasher.lineTo(FF)V @ 152 c2
Event: 2615.495 Thread 0x0000016c82368800 Uncommon trap: reason=unstable_if action=reinterpret pc=0x0000016c949e2b94 method=javax.swing.text.AbstractDocument.insertUpdate(Ljavax/swing/text/AbstractDocument$DefaultDocumentEvent;Ljavax/swing/text/AttributeSet;)V @ 50 c2
Event: 2624.164 Thread 0x0000016c82368800 Uncommon trap: reason=unstable_if action=reinterpret pc=0x0000016c951a4e74 method=ui.views.a.qL(Z)Z @ 51 c2
Event: 2625.563 Thread 0x0000016c82368800 Uncommon trap: reason=unstable_if action=reinterpret pc=0x0000016c93d5b1c4 method=java.lang.Throwable.getOurStackTrace()[Ljava/lang/StackTraceElement; @ 7 c2

Classes redefined (0 events):
No events

Internal exceptions (10 events):
Event: 1602.914 Thread 0x0000016c82368800 Exception <a 'java/io/FileNotFoundException'{0x0000000711645930}> (0x0000000711645930) thrown at [t:/workspace/hotspot/src/share/vm/prims/jni.cpp, line 604]
Event: 1802.786 Thread 0x0000016c82368800 Implicit null exception at 0x0000016c94b8c3a7 to 0x0000016c94b8d69d
Event: 1811.128 Thread 0x0000016c82368800 Exception <a 'java/io/FileNotFoundException'{0x000000071164c508}> (0x000000071164c508) thrown at [t:/workspace/hotspot/src/share/vm/prims/jni.cpp, line 604]
Event: 2097.096 Thread 0x0000016c82368800 Exception <a 'java/io/FileNotFoundException'{0x00000007115663b0}> (0x00000007115663b0) thrown at [t:/workspace/hotspot/src/share/vm/prims/jni.cpp, line 604]
Event: 2175.894 Thread 0x0000016c82368800 Exception <a 'java/io/FileNotFoundException'{0x00000007104ba4d8}> (0x00000007104ba4d8) thrown at [t:/workspace/hotspot/src/share/vm/prims/jni.cpp, line 604]
Event: 2321.033 Thread 0x0000016c82368800 Exception <a 'java/io/FileNotFoundException'{0x00000007115acb48}> (0x00000007115acb48) thrown at [t:/workspace/hotspot/src/share/vm/prims/jni.cpp, line 604]
Event: 2403.853 Thread 0x0000016c82368800 Exception <a 'java/io/FileNotFoundException'{0x0000000711363940}> (0x0000000711363940) thrown at [t:/workspace/hotspot/src/share/vm/prims/jni.cpp, line 604]
Event: 2537.447 Thread 0x0000016c82368800 Exception <a 'java/io/FileNotFoundException'{0x000000071166e510}> (0x000000071166e510) thrown at [t:/workspace/hotspot/src/share/vm/prims/jni.cpp, line 604]
Event: 2624.165 Thread 0x0000016c82371800 Exception <a 'java/lang/InterruptedException'{0x00000007108da388}: sleep interrupted> (0x00000007108da388) thrown at [t:/workspace/hotspot/src/share/vm/prims/jvm.cpp, line 3023]
Event: 2625.555 Thread 0x0000016c82368800 Exception <a 'ui/frmwork/CommandFailedException'{0x000000070f33bf08}: Unknown exception occurred> (0x000000070f33bf08) thrown at [t:/workspace/hotspot/src/share/vm/prims/jni.cpp, line 625]

Events (10 events):
Event: 2625.553 loading class ui/frmwork/CommandFailedException done
Event: 2625.557 loading class java/lang/IndexOutOfBoundsException
Event: 2625.558 loading class java/lang/IndexOutOfBoundsException done
Event: 2625.558 loading class java/awt/IllegalComponentStateException
Event: 2625.558 loading class java/awt/IllegalComponentStateException done
Event: 2625.558 loading class java/util/NoSuchElementException
Event: 2625.559 loading class java/util/NoSuchElementException done
Event: 2625.563 Thread 0x0000016c82368800 Uncommon trap: trap_request=0xffffff5d fr.pc=0x0000016c93d5b1c4 relative=0x0000000000000764
Event: 2625.563 Thread 0x0000016c82368800 DEOPT PACKING pc=0x0000016c93d5b1c4 sp=0x0000002154bf4e60
Event: 2625.563 Thread 0x0000016c82368800 DEOPT UNPACKING pc=0x0000016c8c10df29 sp=0x0000002154bf4e58 mode 2


Dynamic libraries:
0x00007ff6f4360000 - 0x00007ff6f4390000 	C:\Xilinx\Vivado\2018.3\bin\unwrapped\win64.o\vivado.exe
0x00007ffc89f50000 - 0x00007ffc8a131000 	C:\WINDOWS\SYSTEM32\ntdll.dll
0x00007ffc87700000 - 0x00007ffc877b1000 	C:\WINDOWS\System32\KERNEL32.DLL
0x00007ffc86320000 - 0x00007ffc86593000 	C:\WINDOWS\System32\KERNELBASE.dll
0x00007ffc870f0000 - 0x00007ffc871e8000 	C:\WINDOWS\System32\ucrtbase.dll
0x00007ffc81210000 - 0x00007ffc812ab000 	C:\WINDOWS\SYSTEM32\MSVCP140.dll
0x00007ffc812b0000 - 0x00007ffc812c5000 	C:\WINDOWS\SYSTEM32\VCRUNTIME140.dll
0x00007ffc82510000 - 0x00007ffc82524000 	C:\Xilinx\Vivado\2018.3\lib\win64.o\librdi_commonmain.dll
0x00007ffc82370000 - 0x00007ffc82384000 	C:\Xilinx\Vivado\2018.3\lib\win64.o\libboost_signals.dll
0x00007ffc50280000 - 0x00007ffc51114000 	C:\Xilinx\Vivado\2018.3\lib\win64.o\librdi_common.dll
0x00007ffc88df0000 - 0x00007ffc88f80000 	C:\WINDOWS\System32\USER32.dll
0x00007ffc86600000 - 0x00007ffc86620000 	C:\WINDOWS\System32\win32u.dll
0x00007ffc876c0000 - 0x00007ffc876e8000 	C:\WINDOWS\System32\GDI32.dll
0x00007ffc86de0000 - 0x00007ffc86f72000 	C:\WINDOWS\System32\gdi32full.dll
0x00007ffc86fd0000 - 0x00007ffc8706f000 	C:\WINDOWS\System32\msvcp_win.dll
0x00007ffc87840000 - 0x00007ffc878e1000 	C:\WINDOWS\System32\ADVAPI32.dll
0x00007ffc873e0000 - 0x00007ffc8747e000 	C:\WINDOWS\System32\msvcrt.dll
0x00007ffc878f0000 - 0x00007ffc8794b000 	C:\WINDOWS\System32\sechost.dll
0x00007ffc89c00000 - 0x00007ffc89d24000 	C:\WINDOWS\System32\RPCRT4.dll
0x00007ffc879b0000 - 0x00007ffc88df0000 	C:\WINDOWS\System32\SHELL32.dll
0x00007ffc86f80000 - 0x00007ffc86fc9000 	C:\WINDOWS\System32\cfgmgr32.dll
0x00007ffc87610000 - 0x00007ffc876b9000 	C:\WINDOWS\System32\shcore.dll
0x00007ffc892a0000 - 0x00007ffc895c2000 	C:\WINDOWS\System32\combase.dll
0x00007ffc83af0000 - 0x00007ffc83afa000 	C:\Xilinx\Vivado\2018.3\lib\win64.o\librdi_commonversion.dll
0x00007ffc87070000 - 0x00007ffc870ea000 	C:\WINDOWS\System32\bcryptPrimitives.dll
0x00007ffc866d0000 - 0x00007ffc86ddd000 	C:\WINDOWS\System32\windows.storage.dll
0x00007ffc7f200000 - 0x00007ffc7f226000 	C:\Xilinx\Vivado\2018.3\lib\win64.o\libboost_filesystem.dll
0x00007ffc87510000 - 0x00007ffc87561000 	C:\WINDOWS\System32\shlwapi.dll
0x00007ffc86300000 - 0x00007ffc86311000 	C:\WINDOWS\System32\kernel.appcore.dll
0x00007ffc862e0000 - 0x00007ffc862ff000 	C:\WINDOWS\System32\profapi.dll
0x00007ffc86280000 - 0x00007ffc862cc000 	C:\WINDOWS\System32\powrprof.dll
0x00007ffc862d0000 - 0x00007ffc862da000 	C:\WINDOWS\System32\FLTLIB.DLL
0x00007ffc73ce0000 - 0x00007ffc73e01000 	C:\Xilinx\Vivado\2018.3\lib\win64.o\librdi_commonxillic.dll
0x0000000065870000 - 0x000000006599b000 	C:\Xilinx\Vivado\2018.3\lib\win64.o\tcl85t.dll
0x00007ffc677d0000 - 0x00007ffc67b3e000 	C:\Xilinx\Vivado\2018.3\lib\win64.o\libCOIN-all.dll
0x00007ffc877c0000 - 0x00007ffc8782c000 	C:\WINDOWS\System32\WS2_32.dll
0x00007ffc67510000 - 0x00007ffc677c5000 	C:\Xilinx\Vivado\2018.3\lib\win64.o\libXil_lmgr11.dll
0x00007ffc89d30000 - 0x00007ffc89e1d000 	C:\WINDOWS\System32\COMDLG32.dll
0x00007ffc89e50000 - 0x00007ffc89f12000 	C:\WINDOWS\System32\OLEAUT32.dll
0x00007ffc7f180000 - 0x00007ffc7f1ff000 	C:\Xilinx\Vivado\2018.3\lib\win64.o\libboost_program_options.dll
0x00007ffc89630000 - 0x00007ffc89781000 	C:\WINDOWS\System32\ole32.dll
0x00007ffc865a0000 - 0x00007ffc865f7000 	C:\WINDOWS\System32\WINTRUST.dll
0x00007ffc86260000 - 0x00007ffc86272000 	C:\WINDOWS\System32\MSASN1.dll
0x00007ffc871f0000 - 0x00007ffc873d2000 	C:\WINDOWS\System32\CRYPT32.dll
0x00007ffc72320000 - 0x00007ffc72434000 	C:\Xilinx\Vivado\2018.3\lib\win64.o\libboost_regex.dll
0x00007ffc82320000 - 0x00007ffc8232b000 	C:\Xilinx\Vivado\2018.3\lib\win64.o\libboost_system.dll
0x00007ffc7f150000 - 0x00007ffc7f171000 	C:\Xilinx\Vivado\2018.3\lib\win64.o\libboost_thread.dll
0x00007ffc80dc0000 - 0x00007ffc80dcf000 	C:\Xilinx\Vivado\2018.3\lib\win64.o\libboost_xilinx.dll
0x00007ffc7d1f0000 - 0x00007ffc7d272000 	C:\Xilinx\Vivado\2018.3\lib\win64.o\libhdlpsolve.dll
0x00007ffc7d100000 - 0x00007ffc7d1a5000 	C:\Xilinx\Vivado\2018.3\lib\win64.o\libhdxml.dll
0x00007ffc4fa30000 - 0x00007ffc5027e600 	C:\Xilinx\Vivado\2018.3\lib\win64.o\libisl_iostreams.dll
0x00007ffc7f130000 - 0x00007ffc7f144000 	C:\Xilinx\Vivado\2018.3\lib\win64.o\libboost_date_time.dll
0x00007ffc7ea50000 - 0x00007ffc7ea7e000 	C:\Xilinx\Vivado\2018.3\lib\win64.o\libisl_sysinfo.dll
0x00007ffc72910000 - 0x00007ffc72975000 	C:\Xilinx\Vivado\2018.3\lib\win64.o\liblmx6.0.dll
0x00007ffc7f110000 - 0x00007ffc7f12a000 	C:\Xilinx\Vivado\2018.3\lib\win64.o\pthreadVC2.dll
0x00007ffc7d0e0000 - 0x00007ffc7d0fc000 	C:\Xilinx\Vivado\2018.3\lib\win64.o\librdiconfig.dll
0x00007ffc7d0b0000 - 0x00007ffc7d0d1000 	C:\Xilinx\Vivado\2018.3\lib\win64.o\librdizlib.dll
0x0000000012000000 - 0x0000000012272000 	C:\Xilinx\Vivado\2018.3\lib\win64.o\xerces-c_3_1.dll
0x00007ffc6e140000 - 0x00007ffc6e157000 	C:\WINDOWS\SYSTEM32\NETAPI32.dll
0x00007ffc77410000 - 0x00007ffc778cd000 	C:\WINDOWS\SYSTEM32\WININET.dll
0x00007ffc84280000 - 0x00007ffc8435d000 	C:\WINDOWS\SYSTEM32\WINHTTP.dll
0x00007ffc787a0000 - 0x00007ffc78968000 	C:\WINDOWS\SYSTEM32\urlmon.dll
0x00007ffc71900000 - 0x00007ffc71909000 	C:\WINDOWS\SYSTEM32\WSOCK32.dll
0x00007ffc7ca00000 - 0x00007ffc7ca27000 	C:\WINDOWS\SYSTEM32\VCOMP140.DLL
0x00007ffc3e1a0000 - 0x00007ffc3f031000 	C:\Xilinx\Vivado\2018.3\lib\win64.o\gurobi65.dll
0x00007ffc4ef60000 - 0x00007ffc4f007000 	C:\WINDOWS\WinSxS\amd64_microsoft.windows.common-controls_6595b64144ccf1df_5.82.17134.706_none_f94e2d3f30997a52\COMCTL32.dll
0x00007ffc7b0e0000 - 0x00007ffc7b0fa000 	C:\WINDOWS\SYSTEM32\dhcpcsvc.DLL
0x00007ffc87480000 - 0x00007ffc87488000 	C:\WINDOWS\System32\NSI.dll
0x00007ffc80930000 - 0x00007ffc8093d000 	C:\Xilinx\Vivado\2018.3\lib\win64.o\libboost_chrono.dll
0x00007ffc7c9e0000 - 0x00007ffc7c9fb000 	C:\Xilinx\Vivado\2018.3\lib\win64.o\libboost_iostreams.dll
0x00007ffc79220000 - 0x00007ffc794c6000 	C:\WINDOWS\SYSTEM32\iertutil.dll
0x00007ffc77b70000 - 0x00007ffc77b95000 	C:\Xilinx\Vivado\2018.3\lib\win64.o\libisl_iosutils.dll
0x00007ffc85900000 - 0x00007ffc8590e000 	C:\WINDOWS\SYSTEM32\NETUTILS.DLL
0x00007ffc85c50000 - 0x00007ffc85c5b000 	C:\WINDOWS\SYSTEM32\CRYPTBASE.DLL
0x00007ffc89e20000 - 0x00007ffc89e4d000 	C:\WINDOWS\System32\IMM32.DLL
0x00007ffc559d0000 - 0x00007ffc55ec5000 	C:\Xilinx\Vivado\2018.3\lib\win64.o\librdi_commontasks.dll
0x00007ffc78150000 - 0x00007ffc7815a000 	C:\WINDOWS\SYSTEM32\VERSION.dll
0x00007ffc67290000 - 0x00007ffc6750f000 	C:\Xilinx\Vivado\2018.3\lib\win64.o\librdi_sio.dll
0x0000000064e40000 - 0x0000000065865000 	C:\Xilinx\Vivado\2018.3\tps\win64\jre9.0.4\bin\server\jvm.dll
0x00007ffc876f0000 - 0x00007ffc876f8000 	C:\WINDOWS\System32\PSAPI.DLL
0x00007ffc84360000 - 0x00007ffc84383000 	C:\WINDOWS\SYSTEM32\WINMM.dll
0x00007ffc85800000 - 0x00007ffc85838000 	C:\WINDOWS\SYSTEM32\IPHLPAPI.DLL
0x00007ffc57a60000 - 0x00007ffc57b4f000 	C:\WINDOWS\SYSTEM32\MSVCR120.dll
0x00007ffc85a80000 - 0x00007ffc85ae6000 	C:\WINDOWS\SYSTEM32\MSWSOCK.DLL
0x00007ffc84250000 - 0x00007ffc8427a000 	C:\WINDOWS\SYSTEM32\winmmbase.dll
0x00007ffc3bdd0000 - 0x00007ffc3e192000 	C:\Xilinx\Vivado\2018.3\lib\win64.o\librdi_tcltasks.dll
0x00007ffc728a0000 - 0x00007ffc7290a000 	C:\Xilinx\Vivado\2018.3\lib\win64.o\librdi_boarddep.dll
0x00007ffc4e1e0000 - 0x00007ffc4e5bc000 	C:\Xilinx\Vivado\2018.3\lib\win64.o\librdi_bitstream.dll
0x00007ffc727a0000 - 0x00007ffc7287c000 	C:\Xilinx\Vivado\2018.3\lib\win64.o\librdi_chipscope.dll
0x00007ffc65850000 - 0x00007ffc659ce000 	C:\Xilinx\Vivado\2018.3\lib\win64.o\librdi_board.dll
0x00007ffc60ca0000 - 0x00007ffc60e59000 	C:\Xilinx\Vivado\2018.3\lib\win64.o\librdi_chipscopeimpl.dll
0x00007ffc3a4c0000 - 0x00007ffc3bdc5000 	C:\Xilinx\Vivado\2018.3\lib\win64.o\librdi_constraints.dll
0x00007ffc5e2f0000 - 0x00007ffc5e438000 	C:\Xilinx\Vivado\2018.3\lib\win64.o\librdi_containers.dll
0x00007ffc2e460000 - 0x00007ffc3027f000 	C:\Xilinx\Vivado\2018.3\lib\win64.o\librdi_coregen.dll
0x00007ffc2dd80000 - 0x00007ffc2e45a000 	C:\Xilinx\Vivado\2018.3\lib\win64.o\librdi_coregenipxact.dll
0x00007ffc29f80000 - 0x00007ffc2dd7b000 	C:\Xilinx\Vivado\2018.3\lib\win64.o\librdi_designutils.dll
0x00007ffc29a20000 - 0x00007ffc29f80000 	C:\Xilinx\Vivado\2018.3\lib\win64.o\librdi_drc.dll
0x00007ffc4d720000 - 0x00007ffc4da3b000 	C:\Xilinx\Vivado\2018.3\lib\win64.o\librdi_dlyest.dll
0x00007ffc671c0000 - 0x00007ffc67282000 	C:\Xilinx\Vivado\2018.3\lib\win64.o\librdi_dsp.dll
0x00007ffc16610000 - 0x00007ffc27362000 	C:\Xilinx\Vivado\2018.3\lib\win64.o\librdi_device.dll
0x00007ffc40a10000 - 0x00007ffc40cea000 	C:\Xilinx\Vivado\2018.3\lib\win64.o\librdi_guitools.dll
0x00007ffc725f0000 - 0x00007ffc7264d000 	C:\Xilinx\Vivado\2018.3\lib\win64.o\librdi_hdf.dll
0x00007ffc293e0000 - 0x00007ffc29a1f000 	C:\Xilinx\Vivado\2018.3\lib\win64.o\librdi_filemgmt.dll
0x00007ffc28040000 - 0x00007ffc293d1000 	C:\Xilinx\Vivado\2018.3\lib\win64.o\librdi_implflow.dll
0x00007ffc71b60000 - 0x00007ffc71bd1000 	C:\Xilinx\Vivado\2018.3\lib\win64.o\librdi_memoryarray.dll
0x00007ffc12c60000 - 0x00007ffc1660c000 	C:\Xilinx\Vivado\2018.3\lib\win64.o\librdi_mig.dll
0x00007ffc27a20000 - 0x00007ffc28035000 	C:\Xilinx\Vivado\2018.3\lib\win64.o\librdi_memdata.dll
0x00007ffc12620000 - 0x00007ffc12c5b000 	C:\Xilinx\Vivado\2018.3\lib\win64.o\librdi_netlist.dll
0x00007ffc725a0000 - 0x00007ffc725f0000 	C:\Xilinx\Vivado\2018.3\lib\win64.o\librdi_pfi.dll
0x00007ffc10100000 - 0x00007ffc12614000 	C:\Xilinx\Vivado\2018.3\lib\win64.o\librdi_place.dll
0x00007ffc40010000 - 0x00007ffc40317000 	C:\Xilinx\Vivado\2018.3\lib\win64.o\librdi_platform.dll
0x00007ffc0fba0000 - 0x00007ffc100f6000 	C:\Xilinx\Vivado\2018.3\lib\win64.o\librdi_project.dll
0x00007ffc0f4a0000 - 0x00007ffc0fb93000 	C:\Xilinx\Vivado\2018.3\lib\win64.o\librdi_psta.dll
0x00007ffc3a0e0000 - 0x00007ffc3a4b7000 	C:\Xilinx\Vivado\2018.3\lib\win64.o\librdi_runs.dll
0x00007ffc0edc0000 - 0x00007ffc0f499000 	C:\Xilinx\Vivado\2018.3\lib\win64.o\librdi_rsb.dll
0x00007ffc0e6c0000 - 0x00007ffc0edb5000 	C:\Xilinx\Vivado\2018.3\lib\win64.o\librdi_power.dll
0x00007ffc57370000 - 0x00007ffc57448000 	C:\Xilinx\Vivado\2018.3\lib\win64.o\librdi_runsbase.dll
0x00007ffc0d930000 - 0x00007ffc0e6bd000 	C:\Xilinx\Vivado\2018.3\lib\win64.o\librdi_timing.dll
0x00007ffc4dfb0000 - 0x00007ffc4e1d8000 	C:\Xilinx\Vivado\2018.3\lib\win64.o\librdi_simdata.dll
0x00007ffc55870000 - 0x00007ffc559c4000 	C:\Xilinx\Vivado\2018.3\lib\win64.o\librdi_advchipscopeimpl.dll
0x00007ffc72140000 - 0x00007ffc7218c000 	C:\Xilinx\Vivado\2018.3\lib\win64.o\libboost_serialization.dll
0x00007ffc63210000 - 0x00007ffc632bb000 	C:\Xilinx\Vivado\2018.3\lib\win64.o\librdi_ipconfig_readwrite.dll
0x00007ffc77240000 - 0x00007ffc77278000 	C:\Xilinx\Vivado\2018.3\lib\win64.o\librdi_noc_frameworks.dll
0x00007ffc55310000 - 0x00007ffc553c8000 	C:\Xilinx\Vivado\2018.3\lib\win64.o\librdi_hip_devdesign.dll
0x00007ffc0cde0000 - 0x00007ffc0d927000 	C:\Xilinx\Vivado\2018.3\lib\win64.o\libverific.dll
0x00007ffc36390000 - 0x00007ffc36745000 	C:\Xilinx\Vivado\2018.3\lib\win64.o\librdi_hip_config.dll
0x00007ffc0c890000 - 0x00007ffc0cdde000 	C:\Xilinx\Vivado\2018.3\lib\win64.o\librdi_xdm.dll
0x00007ffc52360000 - 0x00007ffc523fe000 	C:\Xilinx\Vivado\2018.3\lib\win64.o\libise.dll

VM Arguments:
jvm_args: -Dsun.java2d.pmoffscreen=false -Dsun.java2d.xrender=false -Dsun.java2d.d3d=false -Dsun.awt.nopixfmt=true -Dsun.java2d.dpiaware=true -Dsun.java2d.uiScale.enabled=false -Xverify:none -Dswing.aatext=true -XX:-UsePerfData -Djdk.map.althashing.threshold=512 -XX:StringTableSize=4072 --add-opens=java.base/java.nio=ALL-UNNAMED --add-opens=java.desktop/sun.swing=ALL-UNNAMED --add-opens=java.desktop/javax.swing=ALL-UNNAMED --add-opens=java.desktop/javax.swing.tree=ALL-UNNAMED --add-opens=java.desktop/javax.swing.plaf.basic=ALL-UNNAMED --add-opens=java.desktop/javax.swing.plaf.synth=ALL-UNNAMED --add-opens=java.desktop/com.sun.awt=ALL-UNNAMED -XX:NewSize=60m -XX:MaxNewSize=60m -Xms128m -Xmx3072m -Xss5m 
java_command: <unknown>
java_class_path (initial): C:/Xilinx/Vivado/2018.3\lib\classes\alloy.jar;C:/Xilinx/Vivado/2018.3\lib\classes\autopilot.scelaborator.jar;C:/Xilinx/Vivado/2018.3\lib\classes\autopilot.sourceprocessor.jar;C:/Xilinx/Vivado/2018.3\lib\classes\autopilot.tbprocessor.jar;C:/Xilinx/Vivado/2018.3\lib\classes\batik-anim.jar;C:/Xilinx/Vivado/2018.3\lib\classes\batik-awt-util.jar;C:/Xilinx/Vivado/2018.3\lib\classes\batik-bridge.jar;C:/Xilinx/Vivado/2018.3\lib\classes\batik-codec.jar;C:/Xilinx/Vivado/2018.3\lib\classes\batik-css.jar;C:/Xilinx/Vivado/2018.3\lib\classes\batik-dom.jar;C:/Xilinx/Vivado/2018.3\lib\classes\batik-ext.jar;C:/Xilinx/Vivado/2018.3\lib\classes\batik-gui-util.jar;C:/Xilinx/Vivado/2018.3\lib\classes\batik-gvt.jar;C:/Xilinx/Vivado/2018.3\lib\classes\batik-parser.jar;C:/Xilinx/Vivado/2018.3\lib\classes\batik-script.jar;C:/Xilinx/Vivado/2018.3\lib\classes\batik-svg-dom.jar;C:/Xilinx/Vivado/2018.3\lib\classes\batik-swing.jar;C:/Xilinx/Vivado/2018.3\lib\classes\batik-transcoder.jar;C:/Xilinx/Vivado/2018.3\lib\classes\batik-util.jar;C:/Xilinx/Vivado/2018.3\lib\classes\batik-xml.jar;C:/Xilinx/Vivado/2018.3\lib\classes\com.ibm.icu_4.4.2.v20110208.jar;C:/Xilinx/Vivado/2018.3\lib\classes\commons-collections4-4.1.jar;C:/Xilinx/Vivado/2018.3\lib\classes\commons-math-2.2.jar;C:/Xilinx/Vivado/2018.3\lib\classes\dom4j-1.6.1.jar;C:/Xilinx/Vivado/2018.3\lib\classes\guava-18.0.jar;C:/Xilinx/Vivado/2018.3\lib\classes\help.jar;C:/Xilinx/Vivado/2018.3\lib\classes\hsqldb.jar;C:/Xilinx/Vivado/2018.3\lib\classes\jargs.jar;C:/Xilinx/Vivado/2018.3\lib\classes\jaxb-api-2.3.0.jar;C:/Xilinx/Vivado/2018.3\lib\classes\jh.jar;C:/Xilinx/Vivado/2018.3\lib\classes\jide-action.jar;C:/Xilinx/Vivado/2018.3\lib\classes\jide-charts.jar;C:/Xilinx/Vivado/2018.3\lib\classes\jide-common.jar;C:/Xilinx/Vivado/2018.3\lib\classes\jide-components.jar;C:/Xilinx/Vivado/2018.3\lib\classes\jide-dashboard.jar;C:/Xilinx/Vivado/2018.3\lib\classes\jide-data.jar;C:/Xilinx/Vivado/2018.3\lib\classes\jide-dialogs.jar
Launcher Type: generic

Logging:
Log output configuration:
#0: stdout all=warning uptime,level,tags
#1: stderr all=off uptime,level,tags

Environment Variables:
PATH=C:/Xilinx/Vivado/2018.3/bin;C:/Xilinx/Vivado/2018.3/lib/win64.o;C:/Xilinx/Vivado/2018.3/tps/win64/jre9.0.4/bin/server;C:/Xilinx/Vivado/2018.3/tps/win64/jre9.0.4/bin;C:/Xilinx/Vivado/2018.3/ids_lite/ISE/bin/nt64;C:/Xilinx/Vivado/2018.3/ids_lite/ISE/lib/nt64;C:\Program Files (x86)\Common Files\Oracle\Java\javapath;C:\Program Files (x86)\Intel\iCLS Client\;C:\Program Files\Intel\iCLS Client\;C:\WINDOWS\system32;C:\WINDOWS;C:\WINDOWS\System32\Wbem;C:\WINDOWS\System32\WindowsPowerShell\v1.0\;C:\Program Files (x86)\Intel\Intel(R) Management Engine Components\DAL;C:\Program Files\Intel\Intel(R) Management Engine Components\DAL;C:\Program Files (x86)\Intel\Intel(R) Management Engine Components\IPT;C:\Program Files\Intel\Intel(R) Management Engine Components\IPT;C:\WINDOWS\System32\OpenSSH\;C:\Program Files\Intel\WiFi\bin\;C:\Program Files\Common Files\Intel\WirelessCommon\;C:\Python3\Scripts;C:\Python3\Lib\site-packages\Django-3.0-py3.7.egg\django;C:\Program Files\nodejs\;C:\Program Files\Microsoft VS Code\bin;D:\ToolsBash;C:\Program Files\Git\cmd;C:\Program Files\TortoiseGit\bin;C:\Program Files\PuTTY\;D:\OpenCV\opencv\build\bin\;C:\Program Files\Java\jdk1.8.0_201\bin\;C:\Python3\;C:\Users\shao0\AppData\Local\Microsoft\WindowsApps;C:\Users\shao0\AppData\Local\GitHubDesktop\bin;C:\Users\shao0\AppData\Roaming\npm;C:/Xilinx/Vivado/2018.3\tps\mingw\6.2.0\win64.o\nt\bin;C:/Xilinx/Vivado/2018.3\tps\mingw\6.2.0\win64.o\nt\libexec\gcc\x86_64-w64-mingw32\6.2.0
USERNAME=shao0
OS=Windows_NT
PROCESSOR_IDENTIFIER=Intel64 Family 6 Model 142 Stepping 9, GenuineIntel



---------------  S Y S T E M  ---------------

OS: Windows 10 , 64 bit Build 17134 (10.0.17134.706)

CPU:total 4 (initial active 4) (2 cores per cpu, 2 threads per core) family 6 model 142 stepping 9, cmov, cx8, fxsr, mmx, sse, sse2, sse3, ssse3, sse4.1, sse4.2, popcnt, avx, avx2, aes, clmul, erms, 3dnowpref, lzcnt, ht, tsc, tscinvbit, bmi1, bmi2, adx, fma

Memory: 4k page, physical 8219368k(3958020k free), swap 10709736k(3600552k free)

vm_info: Java HotSpot(TM) 64-Bit Server VM (9.0.4+11) for windows-amd64 JRE (9.0.4+11), built on Dec 20 2017 02:18:54 by "mach5one" with MS VC++ 12.0 (VS2013)

END.
