#-----------------------------------------------------------
# Vivado v2018.3 (64-bit)
# SW Build 2405991 on Thu Dec  6 23:38:27 MST 2018
# IP Build 2404404 on Fri Dec  7 01:43:56 MST 2018
# Start of session at: Fri Apr 12 09:59:27 2019
# Process ID: 12796
# Current directory: D:/工作/体系结构/体系结构实验/7 minimipsb3/minimips
# Command line: vivado.exe -gui_launcher_event rodinguilauncherevent17136 D:\工作\体系结构\体系结构实验\7 minimipsb3\minimips\minimips.xpr
# Log file: D:/工作/体系结构/体系结构实验/7 minimipsb3/minimips/vivado.log
# Journal file: D:/工作/体系结构/体系结构实验/7 minimipsb3/minimips\vivado.jou
#-----------------------------------------------------------
start_gui
open_project {D:/工作/体系结构/体系结构实验/7 minimipsb3/minimips/minimips.xpr}
INFO: [Project 1-313] Project file moved from 'F:/minimipsb3/minimips' since last save.
Scanning sources...
Finished scanning sources
INFO: [IP_Flow 19-234] Refreshing IP repositories
INFO: [IP_Flow 19-1704] No user IP repositories specified
INFO: [IP_Flow 19-2313] Loaded Vivado IP repository 'C:/Xilinx/Vivado/2018.3/data/ip'.
WARNING: [IP_Flow 19-2162] IP 'irom' is locked:
* IP definition 'Distributed Memory Generator (8.0)' for IP 'irom' (customized with software release 2014.4) has a different revision in the IP Catalog.
Please select 'Report IP Status' from the 'Tools/Report' menu or run Tcl command 'report_ip_status' for more information.
INFO: [Project 1-230] Project 'minimips.xpr' upgraded for this version of Vivado.
open_project: Time (s): cpu = 00:00:30 ; elapsed = 00:00:17 . Memory (MB): peak = 657.766 ; gain = 103.238
report_ip_status -name ip_status 
update_compile_order -fileset sim_1
update_compile_order -fileset sources_1
upgrade_ip [get_ips  {{d:/1¤×÷/ì/ìé/7 minimipsb3/minimips/minimips.srcs/sources_1/ip/irom/irom}}] -log ip_upgrade.log
WARNING: [Coretcl 2-176] No IPs found
ERROR: [Common 17-69] Command failed: No IP specified.  Please specify IP with 'objects'
upgrade_ip [get_ips  {{d:/1¤×÷/ì/ìé/7 minimipsb3/minimips/minimips.srcs/sources_1/ip/irom/irom}}] -log ip_upgrade.log
WARNING: [Coretcl 2-176] No IPs found
ERROR: [Common 17-69] Command failed: No IP specified.  Please specify IP with 'objects'
upgrade_ip -srcset irom -vlnv xilinx.com:ip:dist_mem_gen:8.0 [get_ips  irom] -log ip_upgrade.log
Upgrading 'irom'
INFO: [Project 1-386] Moving file 'D:/工作/体系结构/体系结构实验/7 minimipsb3/minimips/minimips.srcs/sources_1/ip/irom/irom.xci' from fileset 'irom' to fileset 'sources_1'.
INFO: [IP_Flow 19-3422] Upgraded irom (Distributed Memory Generator 8.0) from revision 7 to revision 12
INFO: [IP_Flow 19-1686] Generating 'Instantiation Template' target for IP 'irom'...
INFO: [Coretcl 2-1525] Wrote upgrade log to 'D:/工作/体系结构/体系结构实验/7 minimipsb3/minimips/ip_upgrade.log'.
upgrade_ip: Time (s): cpu = 00:00:11 ; elapsed = 00:00:07 . Memory (MB): peak = 681.934 ; gain = 0.000
export_ip_user_files -of_objects [get_ips irom] -no_script -sync -force -quiet
update_compile_order -fileset sources_1
report_ip_status -name ip_status 
reset_run synth_1
launch_runs synth_1 -jobs 4
INFO: [IP_Flow 19-1686] Generating 'Synthesis' target for IP 'irom'...
[Fri Apr 12 10:15:02 2019] Launched irom_synth_1...
Run output will be captured here: D:/工作/体系结构/体系结构实验/7 minimipsb3/minimips/minimips.runs/irom_synth_1/runme.log
[Fri Apr 12 10:15:02 2019] Launched synth_1...
Run output will be captured here: D:/工作/体系结构/体系结构实验/7 minimipsb3/minimips/minimips.runs/synth_1/runme.log
reset_run irom_synth_1
reset_run synth_1
launch_runs synth_1 -jobs 4
[Fri Apr 12 10:27:53 2019] Launched irom_synth_1...
Run output will be captured here: D:/工作/体系结构/体系结构实验/7 minimipsb3/minimips/minimips.runs/irom_synth_1/runme.log
[Fri Apr 12 10:27:53 2019] Launched synth_1...
Run output will be captured here: D:/工作/体系结构/体系结构实验/7 minimipsb3/minimips/minimips.runs/synth_1/runme.log
launch_runs impl_1 -jobs 4
[Fri Apr 12 10:28:07 2019] Launched irom_synth_1, synth_1...
Run output will be captured here:
irom_synth_1: D:/工作/体系结构/体系结构实验/7 minimipsb3/minimips/minimips.runs/irom_synth_1/runme.log
synth_1: D:/工作/体系结构/体系结构实验/7 minimipsb3/minimips/minimips.runs/synth_1/runme.log
[Fri Apr 12 10:28:07 2019] Launched impl_1...
Run output will be captured here: D:/工作/体系结构/体系结构实验/7 minimipsb3/minimips/minimips.runs/impl_1/runme.log
reset_target all [get_files  {{D:/工作/体系结构/体系结构实验/7 minimipsb3/minimips/minimips.srcs/sources_1/ip/irom/irom.xci}}]
export_ip_user_files -of_objects  [get_files  {{D:/工作/体系结构/体系结构实验/7 minimipsb3/minimips/minimips.srcs/sources_1/ip/irom/irom.xci}}] -sync -no_script -force -quiet
delete_ip_run [get_files -of_objects [get_fileset irom] {{D:/工作/体系结构/体系结构实验/7 minimipsb3/minimips/minimips.srcs/sources_1/ip/irom/irom.xci}}]
INFO: [Project 1-386] Moving file 'D:/工作/体系结构/体系结构实验/7 minimipsb3/minimips/minimips.srcs/sources_1/ip/irom/irom.xci' from fileset 'irom' to fileset 'sources_1'.
generate_target all [get_files  {{D:/工作/体系结构/体系结构实验/7 minimipsb3/minimips/minimips.srcs/sources_1/ip/irom/irom.xci}}]
INFO: [IP_Flow 19-1686] Generating 'Instantiation Template' target for IP 'irom'...
INFO: [IP_Flow 19-1686] Generating 'Synthesis' target for IP 'irom'...
INFO: [IP_Flow 19-1686] Generating 'Simulation' target for IP 'irom'...
INFO: [IP_Flow 19-1686] Generating 'Change Log' target for IP 'irom'...
export_ip_user_files -of_objects [get_files {{D:/工作/体系结构/体系结构实验/7 minimipsb3/minimips/minimips.srcs/sources_1/ip/irom/irom.xci}}] -no_script -sync -force -quiet
create_ip_run [get_files -of_objects [get_fileset sources_1] {{D:/工作/体系结构/体系结构实验/7 minimipsb3/minimips/minimips.srcs/sources_1/ip/irom/irom.xci}}]
launch_runs -jobs 4 irom_synth_1
[Fri Apr 12 10:34:00 2019] Launched irom_synth_1...
Run output will be captured here: D:/工作/体系结构/体系结构实验/7 minimipsb3/minimips/minimips.runs/irom_synth_1/runme.log
export_simulation -of_objects [get_files {{D:/工作/体系结构/体系结构实验/7 minimipsb3/minimips/minimips.srcs/sources_1/ip/irom/irom.xci}}] -directory {D:/工作/体系结构/体系结构实验/7 minimipsb3/minimips/minimips.ip_user_files/sim_scripts} -ip_user_files_dir {D:/工作/体系结构/体系结构实验/7 minimipsb3/minimips/minimips.ip_user_files} -ipstatic_source_dir {D:/工作/体系结构/体系结构实验/7 minimipsb3/minimips/minimips.ip_user_files/ipstatic} -lib_map_path [list {modelsim=D:/工作/体系结构/体系结构实验/7 minimipsb3/minimips/minimips.cache/compile_simlib/modelsim} {questa=D:/工作/体系结构/体系结构实验/7 minimipsb3/minimips/minimips.cache/compile_simlib/questa} {riviera=D:/工作/体系结构/体系结构实验/7 minimipsb3/minimips/minimips.cache/compile_simlib/riviera} {activehdl=D:/工作/体系结构/体系结构实验/7 minimipsb3/minimips/minimips.cache/compile_simlib/activehdl}] -use_ip_compiled_libs -force -quiet
export_ip_user_files -of_objects  [get_files {{D:/工作/体系结构/体系结构实验/7 minimipsb3/minimips/minimips.srcs/sources_1/ip/irom/irom.xci}}] -no_script -reset -force -quiet
remove_files  -fileset irom {{D:/工作/体系结构/体系结构实验/7 minimipsb3/minimips/minimips.srcs/sources_1/ip/irom/irom.xci}}
INFO: [Project 1-386] Moving file 'D:/工作/体系结构/体系结构实验/7 minimipsb3/minimips/minimips.srcs/sources_1/ip/irom/irom.xci' from fileset 'irom' to fileset 'sources_1'.
file delete -force {D:/工作/体系结构/体系结构实验/7 minimipsb3/minimips/minimips.srcs/sources_1/ip/irom}
create_ip -name dist_mem_gen -vendor xilinx.com -library ip -version 8.0 -module_name dist_mem_gen_0 -dir {d:/7 minimipsb3/minimips/minimips.srcs/sources_}
set_property -dict [list CONFIG.depth {1024} CONFIG.data_width {32} CONFIG.memory_type {rom}] [get_ips dist_mem_gen_0]
generate_target {instantiation_template} [get_files {{d:/7 minimipsb3/minimips/minimips.srcs/sources_/dist_mem_gen_0/dist_mem_gen_0.xci}}]
INFO: [IP_Flow 19-1686] Generating 'Instantiation Template' target for IP 'dist_mem_gen_0'...
update_compile_order -fileset sources_1
generate_target all [get_files  {{d:/7 minimipsb3/minimips/minimips.srcs/sources_/dist_mem_gen_0/dist_mem_gen_0.xci}}]
INFO: [IP_Flow 19-1686] Generating 'Synthesis' target for IP 'dist_mem_gen_0'...
INFO: [IP_Flow 19-1686] Generating 'Simulation' target for IP 'dist_mem_gen_0'...
INFO: [IP_Flow 19-1686] Generating 'Change Log' target for IP 'dist_mem_gen_0'...
export_ip_user_files -of_objects [get_files {{d:/7 minimipsb3/minimips/minimips.srcs/sources_/dist_mem_gen_0/dist_mem_gen_0.xci}}] -no_script -sync -force -quiet
create_ip_run [get_files -of_objects [get_fileset sources_1] {{d:/7 minimipsb3/minimips/minimips.srcs/sources_/dist_mem_gen_0/dist_mem_gen_0.xci}}]
launch_runs -jobs 4 dist_mem_gen_0_synth_1
[Fri Apr 12 10:38:05 2019] Launched dist_mem_gen_0_synth_1...
Run output will be captured here: D:/工作/体系结构/体系结构实验/7 minimipsb3/minimips/minimips.runs/dist_mem_gen_0_synth_1/runme.log
export_simulation -of_objects [get_files {{d:/7 minimipsb3/minimips/minimips.srcs/sources_/dist_mem_gen_0/dist_mem_gen_0.xci}}] -directory {D:/工作/体系结构/体系结构实验/7 minimipsb3/minimips/minimips.ip_user_files/sim_scripts} -ip_user_files_dir {D:/工作/体系结构/体系结构实验/7 minimipsb3/minimips/minimips.ip_user_files} -ipstatic_source_dir {D:/工作/体系结构/体系结构实验/7 minimipsb3/minimips/minimips.ip_user_files/ipstatic} -lib_map_path [list {modelsim=D:/工作/体系结构/体系结构实验/7 minimipsb3/minimips/minimips.cache/compile_simlib/modelsim} {questa=D:/工作/体系结构/体系结构实验/7 minimipsb3/minimips/minimips.cache/compile_simlib/questa} {riviera=D:/工作/体系结构/体系结构实验/7 minimipsb3/minimips/minimips.cache/compile_simlib/riviera} {activehdl=D:/工作/体系结构/体系结构实验/7 minimipsb3/minimips/minimips.cache/compile_simlib/activehdl}] -use_ip_compiled_libs -force -quiet
export_ip_user_files -of_objects  [get_files {{d:/7 minimipsb3/minimips/minimips.srcs/sources_/dist_mem_gen_0/dist_mem_gen_0.xci}}] -no_script -reset -force -quiet
remove_files  -fileset dist_mem_gen_0 {{d:/7 minimipsb3/minimips/minimips.srcs/sources_/dist_mem_gen_0/dist_mem_gen_0.xci}}
INFO: [Project 1-386] Moving file 'd:/7 minimipsb3/minimips/minimips.srcs/sources_/dist_mem_gen_0/dist_mem_gen_0.xci' from fileset 'dist_mem_gen_0' to fileset 'sources_1'.
create_ip -name dist_mem_gen -vendor xilinx.com -library ip -version 8.0 -module_name irom -dir {d:/7 minimipsb3/minimips/minimips.srcs/sources_}
set_property -dict [list CONFIG.depth {1024} CONFIG.data_width {32} CONFIG.Component_Name {irom} CONFIG.memory_type {rom}] [get_ips irom]
WARNING: [Vivado 12-3523] Attempt to change 'Component_Name' from 'irom' to 'irom' is not allowed and is ignored.
generate_target {instantiation_template} [get_files {{d:/7 minimipsb3/minimips/minimips.srcs/sources_/irom/irom.xci}}]
INFO: [IP_Flow 19-1686] Generating 'Instantiation Template' target for IP 'irom'...
generate_target all [get_files  {{d:/7 minimipsb3/minimips/minimips.srcs/sources_/irom/irom.xci}}]
INFO: [IP_Flow 19-1686] Generating 'Synthesis' target for IP 'irom'...
INFO: [IP_Flow 19-1686] Generating 'Simulation' target for IP 'irom'...
INFO: [IP_Flow 19-1686] Generating 'Change Log' target for IP 'irom'...
export_ip_user_files -of_objects [get_files {{d:/7 minimipsb3/minimips/minimips.srcs/sources_/irom/irom.xci}}] -no_script -sync -force -quiet
create_ip_run [get_files -of_objects [get_fileset sources_1] {{d:/7 minimipsb3/minimips/minimips.srcs/sources_/irom/irom.xci}}]
launch_runs -jobs 4 irom_synth_1
[Fri Apr 12 10:42:54 2019] Launched irom_synth_1...
Run output will be captured here: D:/工作/体系结构/体系结构实验/7 minimipsb3/minimips/minimips.runs/irom_synth_1/runme.log
export_simulation -of_objects [get_files {{d:/7 minimipsb3/minimips/minimips.srcs/sources_/irom/irom.xci}}] -directory {D:/工作/体系结构/体系结构实验/7 minimipsb3/minimips/minimips.ip_user_files/sim_scripts} -ip_user_files_dir {D:/工作/体系结构/体系结构实验/7 minimipsb3/minimips/minimips.ip_user_files} -ipstatic_source_dir {D:/工作/体系结构/体系结构实验/7 minimipsb3/minimips/minimips.ip_user_files/ipstatic} -lib_map_path [list {modelsim=D:/工作/体系结构/体系结构实验/7 minimipsb3/minimips/minimips.cache/compile_simlib/modelsim} {questa=D:/工作/体系结构/体系结构实验/7 minimipsb3/minimips/minimips.cache/compile_simlib/questa} {riviera=D:/工作/体系结构/体系结构实验/7 minimipsb3/minimips/minimips.cache/compile_simlib/riviera} {activehdl=D:/工作/体系结构/体系结构实验/7 minimipsb3/minimips/minimips.cache/compile_simlib/activehdl}] -use_ip_compiled_libs -force -quiet
convert_ips [get_files  {{d:/7 minimipsb3/minimips/minimips.srcs/sources_/irom/irom.xci}}]
INFO: [filemgmt 56-106] Converting IP 'irom' into core container format.
ERROR: [filemgmt 56-196] The vivado project is inside the IP directory. You can not convert this IP to a core container.
delete_ip_run [get_files -of_objects [get_fileset irom] {{d:/7 minimipsb3/minimips/minimips.srcs/sources_/irom/irom.xci}}]
INFO: [Project 1-386] Moving file 'd:/7 minimipsb3/minimips/minimips.srcs/sources_/irom/irom.xci' from fileset 'irom' to fileset 'sources_1'.
set_property generate_synth_checkpoint false [get_files  {{d:/7 minimipsb3/minimips/minimips.srcs/sources_/irom/irom.xci}}]
generate_target all [get_files  {{d:/7 minimipsb3/minimips/minimips.srcs/sources_/irom/irom.xci}}]
INFO: [IP_Flow 19-1686] Generating 'Instantiation Template' target for IP 'irom'...
INFO: [IP_Flow 19-1686] Generating 'Synthesis' target for IP 'irom'...
INFO: [IP_Flow 19-1686] Generating 'Simulation' target for IP 'irom'...
INFO: [IP_Flow 19-1686] Generating 'Change Log' target for IP 'irom'...
export_ip_user_files -of_objects [get_files {{d:/7 minimipsb3/minimips/minimips.srcs/sources_/irom/irom.xci}}] -no_script -sync -force -quiet
export_simulation -of_objects [get_files {{d:/7 minimipsb3/minimips/minimips.srcs/sources_/irom/irom.xci}}] -directory {D:/工作/体系结构/体系结构实验/7 minimipsb3/minimips/minimips.ip_user_files/sim_scripts} -ip_user_files_dir {D:/工作/体系结构/体系结构实验/7 minimipsb3/minimips/minimips.ip_user_files} -ipstatic_source_dir {D:/工作/体系结构/体系结构实验/7 minimipsb3/minimips/minimips.ip_user_files/ipstatic} -lib_map_path [list {modelsim=D:/工作/体系结构/体系结构实验/7 minimipsb3/minimips/minimips.cache/compile_simlib/modelsim} {questa=D:/工作/体系结构/体系结构实验/7 minimipsb3/minimips/minimips.cache/compile_simlib/questa} {riviera=D:/工作/体系结构/体系结构实验/7 minimipsb3/minimips/minimips.cache/compile_simlib/riviera} {activehdl=D:/工作/体系结构/体系结构实验/7 minimipsb3/minimips/minimips.cache/compile_simlib/activehdl}] -use_ip_compiled_libs -force -quiet
update_compile_order -fileset sources_1
reset_run synth_1
launch_runs synth_1 -jobs 4
[Fri Apr 12 10:45:15 2019] Launched synth_1...
Run output will be captured here: D:/工作/体系结构/体系结构实验/7 minimipsb3/minimips/minimips.runs/synth_1/runme.log
convert_ips [get_files  {{d:/7 minimipsb3/minimips/minimips.srcs/sources_/irom/irom.xci}}]
INFO: [filemgmt 56-106] Converting IP 'irom' into core container format.
ERROR: [filemgmt 56-196] The vivado project is inside the IP directory. You can not convert this IP to a core container.
exit
INFO: [Common 17-206] Exiting Vivado at Fri Apr 12 10:46:56 2019...
